Performing Curl Test HAVE_FSETXATTR_5 passed with the following output:
Change Dir: '/home/runner/work/downloader/downloader/cpp_xl_dl_demo/build/CMakeFiles/CMakeTmp'

Run Build Command(s): /usr/local/bin/cmake -E env VERBOSE=1 /usr/bin/gmake -f Makefile cmTC_bdcec/fast
/usr/bin/gmake  -f CMakeFiles/cmTC_bdcec.dir/build.make CMakeFiles/cmTC_bdcec.dir/build
gmake[1]: Entering directory '/home/runner/work/downloader/downloader/cpp_xl_dl_demo/build/CMakeFiles/CMakeTmp'
Building C object CMakeFiles/cmTC_bdcec.dir/CurlTests.c.o
/usr/bin/cc   -pedantic -Wall -W -Wpointer-arith -Wwrite-strings -Wunused -Wshadow -Winline -Wnested-externs -Wmissing-declarations -Wmissing-prototypes -Wfloat-equal -Wsign-compare -Wundef -Wendif-labels -Wstrict-prototypes -Wdeclaration-after-statement -Wstrict-aliasing=3 -Wcast-align -Wtype-limits -Wold-style-declaration -Wmissing-parameter-type -Wempty-body -Wclobbered -Wignored-qualifiers -Wconversion -Wvla -Wdouble-promotion -Wenum-conversion -Warith-conversion -Wno-long-long -Wno-multichar -Wno-format-nonliteral -Wno-sign-conversion -Wno-system-headers -DHAVE_FSETXATTR_5  -DHAVE_STDIO_H -DHAVE_INTTYPES_H -DHAVE_SYS_IOCTL_H -DHAVE_SYS_PARAM_H -DHAVE_SYS_POLL_H -DHAVE_SYS_RESOURCE_H -DHAVE_SYS_SELECT_H -DHAVE_SYS_SOCKET_H -DHAVE_SYS_STAT_H -DHAVE_SYS_TIME_H -DHAVE_SYS_TYPES_H -DHAVE_SYS_UIO_H -DHAVE_SYS_UN_H -DHAVE_SYS_XATTR_H -DHAVE_ALLOCA_H -DHAVE_ARPA_INET_H -DHAVE_ARPA_TFTP_H -DHAVE_ASSERT_H -DHAVE_ERRNO_H -DHAVE_FCNTL_H -DHAVE_IFADDRS_H -DHAVE_LIBGEN_H -DHAVE_LOCALE_H -DHAVE_NET_IF_H -DHAVE_NETDB_H -DHAVE_NETINET_IN_H -DHAVE_NETINET_TCP_H -DHAVE_POLL_H -DHAVE_PWD_H -DHAVE_SETJMP_H -DHAVE_SIGNAL_H -DHAVE_STDBOOL_H -DHAVE_STDINT_H -DHAVE_STDIO_H -DHAVE_STDLIB_H -DHAVE_STRING_H -DHAVE_STRINGS_H -DHAVE_TERMIO_H -DHAVE_TERMIOS_H -DHAVE_TIME_H -DHAVE_UNISTD_H -DHAVE_UTIME_H -DHAVE_STDDEF_H -DHAVE_DLFCN_H -DHAVE_MALLOC_H -DHAVE_MEMORY_H -DHAVE_NETINET_IF_ETHER_H -DHAVE_STDINT_H -DHAVE_SYS_UTSNAME_H -o CMakeFiles/cmTC_bdcec.dir/CurlTests.c.o -c /home/runner/work/downloader/downloader/cpp_xl_dl_demo/build/_deps/curl-src/CMake/CurlTests.c
/home/runner/work/downloader/downloader/cpp_xl_dl_demo/build/_deps/curl-src/CMake/CurlTests.c:450:1: warning: function declaration isn’t a prototype [-Wstrict-prototypes]
  450 | main() {
      | ^~~~
Linking C executable cmTC_bdcec
/usr/local/bin/cmake -E cmake_link_script CMakeFiles/cmTC_bdcec.dir/link.txt --verbose=1
/usr/bin/cc  -pedantic -Wall -W -Wpointer-arith -Wwrite-strings -Wunused -Wshadow -Winline -Wnested-externs -Wmissing-declarations -Wmissing-prototypes -Wfloat-equal -Wsign-compare -Wundef -Wendif-labels -Wstrict-prototypes -Wdeclaration-after-statement -Wstrict-aliasing=3 -Wcast-align -Wtype-limits -Wold-style-declaration -Wmissing-parameter-type -Wempty-body -Wclobbered -Wignored-qualifiers -Wconversion -Wvla -Wdouble-promotion -Wenum-conversion -Warith-conversion -Wno-long-long -Wno-multichar -Wno-format-nonliteral -Wno-sign-conversion -Wno-system-headers -DHAVE_FSETXATTR_5  -DHAVE_STDIO_H -DHAVE_INTTYPES_H -DHAVE_SYS_IOCTL_H -DHAVE_SYS_PARAM_H -DHAVE_SYS_POLL_H -DHAVE_SYS_RESOURCE_H -DHAVE_SYS_SELECT_H -DHAVE_SYS_SOCKET_H -DHAVE_SYS_STAT_H -DHAVE_SYS_TIME_H -DHAVE_SYS_TYPES_H -DHAVE_SYS_UIO_H -DHAVE_SYS_UN_H -DHAVE_SYS_XATTR_H -DHAVE_ALLOCA_H -DHAVE_ARPA_INET_H -DHAVE_ARPA_TFTP_H -DHAVE_ASSERT_H -DHAVE_ERRNO_H -DHAVE_FCNTL_H -DHAVE_IFADDRS_H -DHAVE_LIBGEN_H -DHAVE_LOCALE_H -DHAVE_NET_IF_H -DHAVE_NETDB_H -DHAVE_NETINET_IN_H -DHAVE_NETINET_TCP_H -DHAVE_POLL_H -DHAVE_PWD_H -DHAVE_SETJMP_H -DHAVE_SIGNAL_H -DHAVE_STDBOOL_H -DHAVE_STDINT_H -DHAVE_STDIO_H -DHAVE_STDLIB_H -DHAVE_STRING_H -DHAVE_STRINGS_H -DHAVE_TERMIO_H -DHAVE_TERMIOS_H -DHAVE_TIME_H -DHAVE_UNISTD_H -DHAVE_UTIME_H -DHAVE_STDDEF_H -DHAVE_DLFCN_H -DHAVE_MALLOC_H -DHAVE_MEMORY_H -DHAVE_NETINET_IF_ETHER_H -DHAVE_STDINT_H -DHAVE_SYS_UTSNAME_H CMakeFiles/cmTC_bdcec.dir/CurlTests.c.o -o cmTC_bdcec  /usr/lib/x86_64-linux-gnu/libssl.so /usr/lib/x86_64-linux-gnu/libcrypto.so
gmake[1]: Leaving directory '/home/runner/work/downloader/downloader/cpp_xl_dl_demo/build/CMakeFiles/CMakeTmp'


Performing Curl Test HAVE_FCNTL_O_NONBLOCK passed with the following output:
Change Dir: '/home/runner/work/downloader/downloader/cpp_xl_dl_demo/build/CMakeFiles/CMakeTmp'

Run Build Command(s): /usr/local/bin/cmake -E env VERBOSE=1 /usr/bin/gmake -f Makefile cmTC_4195a/fast
/usr/bin/gmake  -f CMakeFiles/cmTC_4195a.dir/build.make CMakeFiles/cmTC_4195a.dir/build
gmake[1]: Entering directory '/home/runner/work/downloader/downloader/cpp_xl_dl_demo/build/CMakeFiles/CMakeTmp'
Building C object CMakeFiles/cmTC_4195a.dir/CurlTests.c.o
/usr/bin/cc   -pedantic -Wall -W -Wpointer-arith -Wwrite-strings -Wunused -Wshadow -Winline -Wnested-externs -Wmissing-declarations -Wmissing-prototypes -Wfloat-equal -Wsign-compare -Wundef -Wendif-labels -Wstrict-prototypes -Wdeclaration-after-statement -Wstrict-aliasing=3 -Wcast-align -Wtype-limits -Wold-style-declaration -Wmissing-parameter-type -Wempty-body -Wclobbered -Wignored-qualifiers -Wconversion -Wvla -Wdouble-promotion -Wenum-conversion -Warith-conversion -Wno-long-long -Wno-multichar -Wno-format-nonliteral -Wno-sign-conversion -Wno-system-headers -DHAVE_FCNTL_O_NONBLOCK  -DHAVE_STDIO_H -DHAVE_INTTYPES_H -DHAVE_SYS_IOCTL_H -DHAVE_SYS_PARAM_H -DHAVE_SYS_POLL_H -DHAVE_SYS_RESOURCE_H -DHAVE_SYS_SELECT_H -DHAVE_SYS_SOCKET_H -DHAVE_SYS_STAT_H -DHAVE_SYS_TIME_H -DHAVE_SYS_TYPES_H -DHAVE_SYS_UIO_H -DHAVE_SYS_UN_H -DHAVE_SYS_XATTR_H -DHAVE_ALLOCA_H -DHAVE_ARPA_INET_H -DHAVE_ARPA_TFTP_H -DHAVE_ASSERT_H -DHAVE_ERRNO_H -DHAVE_FCNTL_H -DHAVE_IFADDRS_H -DHAVE_LIBGEN_H -DHAVE_LOCALE_H -DHAVE_NET_IF_H -DHAVE_NETDB_H -DHAVE_NETINET_IN_H -DHAVE_NETINET_TCP_H -DHAVE_POLL_H -DHAVE_PWD_H -DHAVE_SETJMP_H -DHAVE_SIGNAL_H -DHAVE_STDBOOL_H -DHAVE_STDINT_H -DHAVE_STDIO_H -DHAVE_STDLIB_H -DHAVE_STRING_H -DHAVE_STRINGS_H -DHAVE_TERMIO_H -DHAVE_TERMIOS_H -DHAVE_TIME_H -DHAVE_UNISTD_H -DHAVE_UTIME_H -DHAVE_STDDEF_H -DHAVE_DLFCN_H -DHAVE_MALLOC_H -DHAVE_MEMORY_H -DHAVE_NETINET_IF_ETHER_H -DHAVE_STDINT_H -DHAVE_SYS_UTSNAME_H -o CMakeFiles/cmTC_4195a.dir/CurlTests.c.o -c /home/runner/work/downloader/downloader/cpp_xl_dl_demo/build/_deps/curl-src/CMake/CurlTests.c
/home/runner/work/downloader/downloader/cpp_xl_dl_demo/build/_deps/curl-src/CMake/CurlTests.c:64:1: warning: function declaration isn’t a prototype [-Wstrict-prototypes]
   64 | main ()
      | ^~~~
Linking C executable cmTC_4195a
/usr/local/bin/cmake -E cmake_link_script CMakeFiles/cmTC_4195a.dir/link.txt --verbose=1
/usr/bin/cc  -pedantic -Wall -W -Wpointer-arith -Wwrite-strings -Wunused -Wshadow -Winline -Wnested-externs -Wmissing-declarations -Wmissing-prototypes -Wfloat-equal -Wsign-compare -Wundef -Wendif-labels -Wstrict-prototypes -Wdeclaration-after-statement -Wstrict-aliasing=3 -Wcast-align -Wtype-limits -Wold-style-declaration -Wmissing-parameter-type -Wempty-body -Wclobbered -Wignored-qualifiers -Wconversion -Wvla -Wdouble-promotion -Wenum-conversion -Warith-conversion -Wno-long-long -Wno-multichar -Wno-format-nonliteral -Wno-sign-conversion -Wno-system-headers -DHAVE_FCNTL_O_NONBLOCK  -DHAVE_STDIO_H -DHAVE_INTTYPES_H -DHAVE_SYS_IOCTL_H -DHAVE_SYS_PARAM_H -DHAVE_SYS_POLL_H -DHAVE_SYS_RESOURCE_H -DHAVE_SYS_SELECT_H -DHAVE_SYS_SOCKET_H -DHAVE_SYS_STAT_H -DHAVE_SYS_TIME_H -DHAVE_SYS_TYPES_H -DHAVE_SYS_UIO_H -DHAVE_SYS_UN_H -DHAVE_SYS_XATTR_H -DHAVE_ALLOCA_H -DHAVE_ARPA_INET_H -DHAVE_ARPA_TFTP_H -DHAVE_ASSERT_H -DHAVE_ERRNO_H -DHAVE_FCNTL_H -DHAVE_IFADDRS_H -DHAVE_LIBGEN_H -DHAVE_LOCALE_H -DHAVE_NET_IF_H -DHAVE_NETDB_H -DHAVE_NETINET_IN_H -DHAVE_NETINET_TCP_H -DHAVE_POLL_H -DHAVE_PWD_H -DHAVE_SETJMP_H -DHAVE_SIGNAL_H -DHAVE_STDBOOL_H -DHAVE_STDINT_H -DHAVE_STDIO_H -DHAVE_STDLIB_H -DHAVE_STRING_H -DHAVE_STRINGS_H -DHAVE_TERMIO_H -DHAVE_TERMIOS_H -DHAVE_TIME_H -DHAVE_UNISTD_H -DHAVE_UTIME_H -DHAVE_STDDEF_H -DHAVE_DLFCN_H -DHAVE_MALLOC_H -DHAVE_MEMORY_H -DHAVE_NETINET_IF_ETHER_H -DHAVE_STDINT_H -DHAVE_SYS_UTSNAME_H CMakeFiles/cmTC_4195a.dir/CurlTests.c.o -o cmTC_4195a  /usr/lib/x86_64-linux-gnu/libssl.so /usr/lib/x86_64-linux-gnu/libcrypto.so
gmake[1]: Leaving directory '/home/runner/work/downloader/downloader/cpp_xl_dl_demo/build/CMakeFiles/CMakeTmp'


Performing Curl Test HAVE_IOCTL_FIONBIO passed with the following output:
Change Dir: '/home/runner/work/downloader/downloader/cpp_xl_dl_demo/build/CMakeFiles/CMakeTmp'

Run Build Command(s): /usr/local/bin/cmake -E env VERBOSE=1 /usr/bin/gmake -f Makefile cmTC_9046d/fast
/usr/bin/gmake  -f CMakeFiles/cmTC_9046d.dir/build.make CMakeFiles/cmTC_9046d.dir/build
gmake[1]: Entering directory '/home/runner/work/downloader/downloader/cpp_xl_dl_demo/build/CMakeFiles/CMakeTmp'
Building C object CMakeFiles/cmTC_9046d.dir/CurlTests.c.o
/usr/bin/cc   -pedantic -Wall -W -Wpointer-arith -Wwrite-strings -Wunused -Wshadow -Winline -Wnested-externs -Wmissing-declarations -Wmissing-prototypes -Wfloat-equal -Wsign-compare -Wundef -Wendif-labels -Wstrict-prototypes -Wdeclaration-after-statement -Wstrict-aliasing=3 -Wcast-align -Wtype-limits -Wold-style-declaration -Wmissing-parameter-type -Wempty-body -Wclobbered -Wignored-qualifiers -Wconversion -Wvla -Wdouble-promotion -Wenum-conversion -Warith-conversion -Wno-long-long -Wno-multichar -Wno-format-nonliteral -Wno-sign-conversion -Wno-system-headers -DHAVE_IOCTL_FIONBIO  -DHAVE_STDIO_H -DHAVE_INTTYPES_H -DHAVE_SYS_IOCTL_H -DHAVE_SYS_PARAM_H -DHAVE_SYS_POLL_H -DHAVE_SYS_RESOURCE_H -DHAVE_SYS_SELECT_H -DHAVE_SYS_SOCKET_H -DHAVE_SYS_STAT_H -DHAVE_SYS_TIME_H -DHAVE_SYS_TYPES_H -DHAVE_SYS_UIO_H -DHAVE_SYS_UN_H -DHAVE_SYS_XATTR_H -DHAVE_ALLOCA_H -DHAVE_ARPA_INET_H -DHAVE_ARPA_TFTP_H -DHAVE_ASSERT_H -DHAVE_ERRNO_H -DHAVE_FCNTL_H -DHAVE_IFADDRS_H -DHAVE_LIBGEN_H -DHAVE_LOCALE_H -DHAVE_NET_IF_H -DHAVE_NETDB_H -DHAVE_NETINET_IN_H -DHAVE_NETINET_TCP_H -DHAVE_POLL_H -DHAVE_PWD_H -DHAVE_SETJMP_H -DHAVE_SIGNAL_H -DHAVE_STDBOOL_H -DHAVE_STDINT_H -DHAVE_STDIO_H -DHAVE_STDLIB_H -DHAVE_STRING_H -DHAVE_STRINGS_H -DHAVE_TERMIO_H -DHAVE_TERMIOS_H -DHAVE_TIME_H -DHAVE_UNISTD_H -DHAVE_UTIME_H -DHAVE_STDDEF_H -DHAVE_DLFCN_H -DHAVE_MALLOC_H -DHAVE_MEMORY_H -DHAVE_NETINET_IF_ETHER_H -DHAVE_STDINT_H -DHAVE_SYS_UTSNAME_H -o CMakeFiles/cmTC_9046d.dir/CurlTests.c.o -c /home/runner/work/downloader/downloader/cpp_xl_dl_demo/build/_deps/curl-src/CMake/CurlTests.c
/home/runner/work/downloader/downloader/cpp_xl_dl_demo/build/_deps/curl-src/CMake/CurlTests.c:339:1: warning: function declaration isn’t a prototype [-Wstrict-prototypes]
  339 | main ()
      | ^~~~
Linking C executable cmTC_9046d
/usr/local/bin/cmake -E cmake_link_script CMakeFiles/cmTC_9046d.dir/link.txt --verbose=1
/usr/bin/cc  -pedantic -Wall -W -Wpointer-arith -Wwrite-strings -Wunused -Wshadow -Winline -Wnested-externs -Wmissing-declarations -Wmissing-prototypes -Wfloat-equal -Wsign-compare -Wundef -Wendif-labels -Wstrict-prototypes -Wdeclaration-after-statement -Wstrict-aliasing=3 -Wcast-align -Wtype-limits -Wold-style-declaration -Wmissing-parameter-type -Wempty-body -Wclobbered -Wignored-qualifiers -Wconversion -Wvla -Wdouble-promotion -Wenum-conversion -Warith-conversion -Wno-long-long -Wno-multichar -Wno-format-nonliteral -Wno-sign-conversion -Wno-system-headers -DHAVE_IOCTL_FIONBIO  -DHAVE_STDIO_H -DHAVE_INTTYPES_H -DHAVE_SYS_IOCTL_H -DHAVE_SYS_PARAM_H -DHAVE_SYS_POLL_H -DHAVE_SYS_RESOURCE_H -DHAVE_SYS_SELECT_H -DHAVE_SYS_SOCKET_H -DHAVE_SYS_STAT_H -DHAVE_SYS_TIME_H -DHAVE_SYS_TYPES_H -DHAVE_SYS_UIO_H -DHAVE_SYS_UN_H -DHAVE_SYS_XATTR_H -DHAVE_ALLOCA_H -DHAVE_ARPA_INET_H -DHAVE_ARPA_TFTP_H -DHAVE_ASSERT_H -DHAVE_ERRNO_H -DHAVE_FCNTL_H -DHAVE_IFADDRS_H -DHAVE_LIBGEN_H -DHAVE_LOCALE_H -DHAVE_NET_IF_H -DHAVE_NETDB_H -DHAVE_NETINET_IN_H -DHAVE_NETINET_TCP_H -DHAVE_POLL_H -DHAVE_PWD_H -DHAVE_SETJMP_H -DHAVE_SIGNAL_H -DHAVE_STDBOOL_H -DHAVE_STDINT_H -DHAVE_STDIO_H -DHAVE_STDLIB_H -DHAVE_STRING_H -DHAVE_STRINGS_H -DHAVE_TERMIO_H -DHAVE_TERMIOS_H -DHAVE_TIME_H -DHAVE_UNISTD_H -DHAVE_UTIME_H -DHAVE_STDDEF_H -DHAVE_DLFCN_H -DHAVE_MALLOC_H -DHAVE_MEMORY_H -DHAVE_NETINET_IF_ETHER_H -DHAVE_STDINT_H -DHAVE_SYS_UTSNAME_H CMakeFiles/cmTC_9046d.dir/CurlTests.c.o -o cmTC_9046d  /usr/lib/x86_64-linux-gnu/libssl.so /usr/lib/x86_64-linux-gnu/libcrypto.so
gmake[1]: Leaving directory '/home/runner/work/downloader/downloader/cpp_xl_dl_demo/build/CMakeFiles/CMakeTmp'


Performing Curl Test HAVE_IOCTL_SIOCGIFADDR passed with the following output:
Change Dir: '/home/runner/work/downloader/downloader/cpp_xl_dl_demo/build/CMakeFiles/CMakeTmp'

Run Build Command(s): /usr/local/bin/cmake -E env VERBOSE=1 /usr/bin/gmake -f Makefile cmTC_41314/fast
/usr/bin/gmake  -f CMakeFiles/cmTC_41314.dir/build.make CMakeFiles/cmTC_41314.dir/build
gmake[1]: Entering directory '/home/runner/work/downloader/downloader/cpp_xl_dl_demo/build/CMakeFiles/CMakeTmp'
Building C object CMakeFiles/cmTC_41314.dir/CurlTests.c.o
/usr/bin/cc   -pedantic -Wall -W -Wpointer-arith -Wwrite-strings -Wunused -Wshadow -Winline -Wnested-externs -Wmissing-declarations -Wmissing-prototypes -Wfloat-equal -Wsign-compare -Wundef -Wendif-labels -Wstrict-prototypes -Wdeclaration-after-statement -Wstrict-aliasing=3 -Wcast-align -Wtype-limits -Wold-style-declaration -Wmissing-parameter-type -Wempty-body -Wclobbered -Wignored-qualifiers -Wconversion -Wvla -Wdouble-promotion -Wenum-conversion -Warith-conversion -Wno-long-long -Wno-multichar -Wno-format-nonliteral -Wno-sign-conversion -Wno-system-headers -DHAVE_IOCTL_SIOCGIFADDR  -DHAVE_STDIO_H -DHAVE_INTTYPES_H -DHAVE_SYS_IOCTL_H -DHAVE_SYS_PARAM_H -DHAVE_SYS_POLL_H -DHAVE_SYS_RESOURCE_H -DHAVE_SYS_SELECT_H -DHAVE_SYS_SOCKET_H -DHAVE_SYS_STAT_H -DHAVE_SYS_TIME_H -DHAVE_SYS_TYPES_H -DHAVE_SYS_UIO_H -DHAVE_SYS_UN_H -DHAVE_SYS_XATTR_H -DHAVE_ALLOCA_H -DHAVE_ARPA_INET_H -DHAVE_ARPA_TFTP_H -DHAVE_ASSERT_H -DHAVE_ERRNO_H -DHAVE_FCNTL_H -DHAVE_IFADDRS_H -DHAVE_LIBGEN_H -DHAVE_LOCALE_H -DHAVE_NET_IF_H -DHAVE_NETDB_H -DHAVE_NETINET_IN_H -DHAVE_NETINET_TCP_H -DHAVE_POLL_H -DHAVE_PWD_H -DHAVE_SETJMP_H -DHAVE_SIGNAL_H -DHAVE_STDBOOL_H -DHAVE_STDINT_H -DHAVE_STDIO_H -DHAVE_STDLIB_H -DHAVE_STRING_H -DHAVE_STRINGS_H -DHAVE_TERMIO_H -DHAVE_TERMIOS_H -DHAVE_TIME_H -DHAVE_UNISTD_H -DHAVE_UTIME_H -DHAVE_STDDEF_H -DHAVE_DLFCN_H -DHAVE_MALLOC_H -DHAVE_MEMORY_H -DHAVE_NETINET_IF_ETHER_H -DHAVE_STDINT_H -DHAVE_SYS_UTSNAME_H -o CMakeFiles/cmTC_41314.dir/CurlTests.c.o -c /home/runner/work/downloader/downloader/cpp_xl_dl_demo/build/_deps/curl-src/CMake/CurlTests.c
/home/runner/work/downloader/downloader/cpp_xl_dl_demo/build/_deps/curl-src/CMake/CurlTests.c:371:1: warning: function declaration isn’t a prototype [-Wstrict-prototypes]
  371 | main ()
      | ^~~~
Linking C executable cmTC_41314
/usr/local/bin/cmake -E cmake_link_script CMakeFiles/cmTC_41314.dir/link.txt --verbose=1
/usr/bin/cc  -pedantic -Wall -W -Wpointer-arith -Wwrite-strings -Wunused -Wshadow -Winline -Wnested-externs -Wmissing-declarations -Wmissing-prototypes -Wfloat-equal -Wsign-compare -Wundef -Wendif-labels -Wstrict-prototypes -Wdeclaration-after-statement -Wstrict-aliasing=3 -Wcast-align -Wtype-limits -Wold-style-declaration -Wmissing-parameter-type -Wempty-body -Wclobbered -Wignored-qualifiers -Wconversion -Wvla -Wdouble-promotion -Wenum-conversion -Warith-conversion -Wno-long-long -Wno-multichar -Wno-format-nonliteral -Wno-sign-conversion -Wno-system-headers -DHAVE_IOCTL_SIOCGIFADDR  -DHAVE_STDIO_H -DHAVE_INTTYPES_H -DHAVE_SYS_IOCTL_H -DHAVE_SYS_PARAM_H -DHAVE_SYS_POLL_H -DHAVE_SYS_RESOURCE_H -DHAVE_SYS_SELECT_H -DHAVE_SYS_SOCKET_H -DHAVE_SYS_STAT_H -DHAVE_SYS_TIME_H -DHAVE_SYS_TYPES_H -DHAVE_SYS_UIO_H -DHAVE_SYS_UN_H -DHAVE_SYS_XATTR_H -DHAVE_ALLOCA_H -DHAVE_ARPA_INET_H -DHAVE_ARPA_TFTP_H -DHAVE_ASSERT_H -DHAVE_ERRNO_H -DHAVE_FCNTL_H -DHAVE_IFADDRS_H -DHAVE_LIBGEN_H -DHAVE_LOCALE_H -DHAVE_NET_IF_H -DHAVE_NETDB_H -DHAVE_NETINET_IN_H -DHAVE_NETINET_TCP_H -DHAVE_POLL_H -DHAVE_PWD_H -DHAVE_SETJMP_H -DHAVE_SIGNAL_H -DHAVE_STDBOOL_H -DHAVE_STDINT_H -DHAVE_STDIO_H -DHAVE_STDLIB_H -DHAVE_STRING_H -DHAVE_STRINGS_H -DHAVE_TERMIO_H -DHAVE_TERMIOS_H -DHAVE_TIME_H -DHAVE_UNISTD_H -DHAVE_UTIME_H -DHAVE_STDDEF_H -DHAVE_DLFCN_H -DHAVE_MALLOC_H -DHAVE_MEMORY_H -DHAVE_NETINET_IF_ETHER_H -DHAVE_STDINT_H -DHAVE_SYS_UTSNAME_H CMakeFiles/cmTC_41314.dir/CurlTests.c.o -o cmTC_41314  /usr/lib/x86_64-linux-gnu/libssl.so /usr/lib/x86_64-linux-gnu/libcrypto.so
gmake[1]: Leaving directory '/home/runner/work/downloader/downloader/cpp_xl_dl_demo/build/CMakeFiles/CMakeTmp'


Performing Curl Test TIME_WITH_SYS_TIME passed with the following output:
Change Dir: '/home/runner/work/downloader/downloader/cpp_xl_dl_demo/build/CMakeFiles/CMakeTmp'

Run Build Command(s): /usr/local/bin/cmake -E env VERBOSE=1 /usr/bin/gmake -f Makefile cmTC_0d35a/fast
/usr/bin/gmake  -f CMakeFiles/cmTC_0d35a.dir/build.make CMakeFiles/cmTC_0d35a.dir/build
gmake[1]: Entering directory '/home/runner/work/downloader/downloader/cpp_xl_dl_demo/build/CMakeFiles/CMakeTmp'
Building C object CMakeFiles/cmTC_0d35a.dir/CurlTests.c.o
/usr/bin/cc   -pedantic -Wall -W -Wpointer-arith -Wwrite-strings -Wunused -Wshadow -Winline -Wnested-externs -Wmissing-declarations -Wmissing-prototypes -Wfloat-equal -Wsign-compare -Wundef -Wendif-labels -Wstrict-prototypes -Wdeclaration-after-statement -Wstrict-aliasing=3 -Wcast-align -Wtype-limits -Wold-style-declaration -Wmissing-parameter-type -Wempty-body -Wclobbered -Wignored-qualifiers -Wconversion -Wvla -Wdouble-promotion -Wenum-conversion -Warith-conversion -Wno-long-long -Wno-multichar -Wno-format-nonliteral -Wno-sign-conversion -Wno-system-headers -DTIME_WITH_SYS_TIME  -DHAVE_STDIO_H -DHAVE_INTTYPES_H -DHAVE_SYS_IOCTL_H -DHAVE_SYS_PARAM_H -DHAVE_SYS_POLL_H -DHAVE_SYS_RESOURCE_H -DHAVE_SYS_SELECT_H -DHAVE_SYS_SOCKET_H -DHAVE_SYS_STAT_H -DHAVE_SYS_TIME_H -DHAVE_SYS_TYPES_H -DHAVE_SYS_UIO_H -DHAVE_SYS_UN_H -DHAVE_SYS_XATTR_H -DHAVE_ALLOCA_H -DHAVE_ARPA_INET_H -DHAVE_ARPA_TFTP_H -DHAVE_ASSERT_H -DHAVE_ERRNO_H -DHAVE_FCNTL_H -DHAVE_IFADDRS_H -DHAVE_LIBGEN_H -DHAVE_LOCALE_H -DHAVE_NET_IF_H -DHAVE_NETDB_H -DHAVE_NETINET_IN_H -DHAVE_NETINET_TCP_H -DHAVE_POLL_H -DHAVE_PWD_H -DHAVE_SETJMP_H -DHAVE_SIGNAL_H -DHAVE_STDBOOL_H -DHAVE_STDINT_H -DHAVE_STDIO_H -DHAVE_STDLIB_H -DHAVE_STRING_H -DHAVE_STRINGS_H -DHAVE_TERMIO_H -DHAVE_TERMIOS_H -DHAVE_TIME_H -DHAVE_UNISTD_H -DHAVE_UTIME_H -DHAVE_STDDEF_H -DHAVE_DLFCN_H -DHAVE_MALLOC_H -DHAVE_MEMORY_H -DHAVE_NETINET_IF_ETHER_H -DHAVE_STDINT_H -DHAVE_SYS_UTSNAME_H -o CMakeFiles/cmTC_0d35a.dir/CurlTests.c.o -c /home/runner/work/downloader/downloader/cpp_xl_dl_demo/build/_deps/curl-src/CMake/CurlTests.c
/home/runner/work/downloader/downloader/cpp_xl_dl_demo/build/_deps/curl-src/CMake/CurlTests.c:30:1: warning: function declaration isn’t a prototype [-Wstrict-prototypes]
   30 | main ()
      | ^~~~
Linking C executable cmTC_0d35a
/usr/local/bin/cmake -E cmake_link_script CMakeFiles/cmTC_0d35a.dir/link.txt --verbose=1
/usr/bin/cc  -pedantic -Wall -W -Wpointer-arith -Wwrite-strings -Wunused -Wshadow -Winline -Wnested-externs -Wmissing-declarations -Wmissing-prototypes -Wfloat-equal -Wsign-compare -Wundef -Wendif-labels -Wstrict-prototypes -Wdeclaration-after-statement -Wstrict-aliasing=3 -Wcast-align -Wtype-limits -Wold-style-declaration -Wmissing-parameter-type -Wempty-body -Wclobbered -Wignored-qualifiers -Wconversion -Wvla -Wdouble-promotion -Wenum-conversion -Warith-conversion -Wno-long-long -Wno-multichar -Wno-format-nonliteral -Wno-sign-conversion -Wno-system-headers -DTIME_WITH_SYS_TIME  -DHAVE_STDIO_H -DHAVE_INTTYPES_H -DHAVE_SYS_IOCTL_H -DHAVE_SYS_PARAM_H -DHAVE_SYS_POLL_H -DHAVE_SYS_RESOURCE_H -DHAVE_SYS_SELECT_H -DHAVE_SYS_SOCKET_H -DHAVE_SYS_STAT_H -DHAVE_SYS_TIME_H -DHAVE_SYS_TYPES_H -DHAVE_SYS_UIO_H -DHAVE_SYS_UN_H -DHAVE_SYS_XATTR_H -DHAVE_ALLOCA_H -DHAVE_ARPA_INET_H -DHAVE_ARPA_TFTP_H -DHAVE_ASSERT_H -DHAVE_ERRNO_H -DHAVE_FCNTL_H -DHAVE_IFADDRS_H -DHAVE_LIBGEN_H -DHAVE_LOCALE_H -DHAVE_NET_IF_H -DHAVE_NETDB_H -DHAVE_NETINET_IN_H -DHAVE_NETINET_TCP_H -DHAVE_POLL_H -DHAVE_PWD_H -DHAVE_SETJMP_H -DHAVE_SIGNAL_H -DHAVE_STDBOOL_H -DHAVE_STDINT_H -DHAVE_STDIO_H -DHAVE_STDLIB_H -DHAVE_STRING_H -DHAVE_STRINGS_H -DHAVE_TERMIO_H -DHAVE_TERMIOS_H -DHAVE_TIME_H -DHAVE_UNISTD_H -DHAVE_UTIME_H -DHAVE_STDDEF_H -DHAVE_DLFCN_H -DHAVE_MALLOC_H -DHAVE_MEMORY_H -DHAVE_NETINET_IF_ETHER_H -DHAVE_STDINT_H -DHAVE_SYS_UTSNAME_H CMakeFiles/cmTC_0d35a.dir/CurlTests.c.o -o cmTC_0d35a  /usr/lib/x86_64-linux-gnu/libssl.so /usr/lib/x86_64-linux-gnu/libcrypto.so
gmake[1]: Leaving directory '/home/runner/work/downloader/downloader/cpp_xl_dl_demo/build/CMakeFiles/CMakeTmp'


Performing Curl Test HAVE_GETHOSTBYNAME_R_6 passed with the following output:
Change Dir: '/home/runner/work/downloader/downloader/cpp_xl_dl_demo/build/CMakeFiles/CMakeTmp'

Run Build Command(s): /usr/local/bin/cmake -E env VERBOSE=1 /usr/bin/gmake -f Makefile cmTC_80325/fast
/usr/bin/gmake  -f CMakeFiles/cmTC_80325.dir/build.make CMakeFiles/cmTC_80325.dir/build
gmake[1]: Entering directory '/home/runner/work/downloader/downloader/cpp_xl_dl_demo/build/CMakeFiles/CMakeTmp'
Building C object CMakeFiles/cmTC_80325.dir/CurlTests.c.o
/usr/bin/cc   -pedantic -Wall -W -Wpointer-arith -Wwrite-strings -Wunused -Wshadow -Winline -Wnested-externs -Wmissing-declarations -Wmissing-prototypes -Wfloat-equal -Wsign-compare -Wundef -Wendif-labels -Wstrict-prototypes -Wdeclaration-after-statement -Wstrict-aliasing=3 -Wcast-align -Wtype-limits -Wold-style-declaration -Wmissing-parameter-type -Wempty-body -Wclobbered -Wignored-qualifiers -Wconversion -Wvla -Wdouble-promotion -Wenum-conversion -Warith-conversion -Wno-long-long -Wno-multichar -Wno-format-nonliteral -Wno-sign-conversion -Wno-system-headers -DHAVE_GETHOSTBYNAME_R_6  -DHAVE_STDIO_H -DHAVE_INTTYPES_H -DHAVE_SYS_IOCTL_H -DHAVE_SYS_PARAM_H -DHAVE_SYS_POLL_H -DHAVE_SYS_RESOURCE_H -DHAVE_SYS_SELECT_H -DHAVE_SYS_SOCKET_H -DHAVE_SYS_STAT_H -DHAVE_SYS_TIME_H -DHAVE_SYS_TYPES_H -DHAVE_SYS_UIO_H -DHAVE_SYS_UN_H -DHAVE_SYS_XATTR_H -DHAVE_ALLOCA_H -DHAVE_ARPA_INET_H -DHAVE_ARPA_TFTP_H -DHAVE_ASSERT_H -DHAVE_ERRNO_H -DHAVE_FCNTL_H -DHAVE_IFADDRS_H -DHAVE_LIBGEN_H -DHAVE_LOCALE_H -DHAVE_NET_IF_H -DHAVE_NETDB_H -DHAVE_NETINET_IN_H -DHAVE_NETINET_TCP_H -DHAVE_POLL_H -DHAVE_PWD_H -DHAVE_SETJMP_H -DHAVE_SIGNAL_H -DHAVE_STDBOOL_H -DHAVE_STDINT_H -DHAVE_STDIO_H -DHAVE_STDLIB_H -DHAVE_STRING_H -DHAVE_STRINGS_H -DHAVE_TERMIO_H -DHAVE_TERMIOS_H -DHAVE_TIME_H -DHAVE_UNISTD_H -DHAVE_UTIME_H -DHAVE_STDDEF_H -DHAVE_DLFCN_H -DHAVE_MALLOC_H -DHAVE_MEMORY_H -DHAVE_NETINET_IF_ETHER_H -DHAVE_STDINT_H -DHAVE_SYS_UTSNAME_H -o CMakeFiles/cmTC_80325.dir/CurlTests.c.o -c /home/runner/work/downloader/downloader/cpp_xl_dl_demo/build/_deps/curl-src/CMake/CurlTests.c
/home/runner/work/downloader/downloader/cpp_xl_dl_demo/build/_deps/curl-src/CMake/CurlTests.c: In function ‘main’:
/home/runner/work/downloader/downloader/cpp_xl_dl_demo/build/_deps/curl-src/CMake/CurlTests.c:90:19: warning: initialization discards ‘const’ qualifier from pointer target type [-Wdiscarded-qualifiers]
   90 |   char *address = "example.com";
      |                   ^~~~~~~~~~~~~
Linking C executable cmTC_80325
/usr/local/bin/cmake -E cmake_link_script CMakeFiles/cmTC_80325.dir/link.txt --verbose=1
/usr/bin/cc  -pedantic -Wall -W -Wpointer-arith -Wwrite-strings -Wunused -Wshadow -Winline -Wnested-externs -Wmissing-declarations -Wmissing-prototypes -Wfloat-equal -Wsign-compare -Wundef -Wendif-labels -Wstrict-prototypes -Wdeclaration-after-statement -Wstrict-aliasing=3 -Wcast-align -Wtype-limits -Wold-style-declaration -Wmissing-parameter-type -Wempty-body -Wclobbered -Wignored-qualifiers -Wconversion -Wvla -Wdouble-promotion -Wenum-conversion -Warith-conversion -Wno-long-long -Wno-multichar -Wno-format-nonliteral -Wno-sign-conversion -Wno-system-headers -DHAVE_GETHOSTBYNAME_R_6  -DHAVE_STDIO_H -DHAVE_INTTYPES_H -DHAVE_SYS_IOCTL_H -DHAVE_SYS_PARAM_H -DHAVE_SYS_POLL_H -DHAVE_SYS_RESOURCE_H -DHAVE_SYS_SELECT_H -DHAVE_SYS_SOCKET_H -DHAVE_SYS_STAT_H -DHAVE_SYS_TIME_H -DHAVE_SYS_TYPES_H -DHAVE_SYS_UIO_H -DHAVE_SYS_UN_H -DHAVE_SYS_XATTR_H -DHAVE_ALLOCA_H -DHAVE_ARPA_INET_H -DHAVE_ARPA_TFTP_H -DHAVE_ASSERT_H -DHAVE_ERRNO_H -DHAVE_FCNTL_H -DHAVE_IFADDRS_H -DHAVE_LIBGEN_H -DHAVE_LOCALE_H -DHAVE_NET_IF_H -DHAVE_NETDB_H -DHAVE_NETINET_IN_H -DHAVE_NETINET_TCP_H -DHAVE_POLL_H -DHAVE_PWD_H -DHAVE_SETJMP_H -DHAVE_SIGNAL_H -DHAVE_STDBOOL_H -DHAVE_STDINT_H -DHAVE_STDIO_H -DHAVE_STDLIB_H -DHAVE_STRING_H -DHAVE_STRINGS_H -DHAVE_TERMIO_H -DHAVE_TERMIOS_H -DHAVE_TIME_H -DHAVE_UNISTD_H -DHAVE_UTIME_H -DHAVE_STDDEF_H -DHAVE_DLFCN_H -DHAVE_MALLOC_H -DHAVE_MEMORY_H -DHAVE_NETINET_IF_ETHER_H -DHAVE_STDINT_H -DHAVE_SYS_UTSNAME_H CMakeFiles/cmTC_80325.dir/CurlTests.c.o -o cmTC_80325  /usr/lib/x86_64-linux-gnu/libssl.so /usr/lib/x86_64-linux-gnu/libcrypto.so
gmake[1]: Leaving directory '/home/runner/work/downloader/downloader/cpp_xl_dl_demo/build/CMakeFiles/CMakeTmp'


Performing Curl Test HAVE_GETHOSTBYNAME_R_6_REENTRANT passed with the following output:
Change Dir: '/home/runner/work/downloader/downloader/cpp_xl_dl_demo/build/CMakeFiles/CMakeTmp'

Run Build Command(s): /usr/local/bin/cmake -E env VERBOSE=1 /usr/bin/gmake -f Makefile cmTC_080d9/fast
/usr/bin/gmake  -f CMakeFiles/cmTC_080d9.dir/build.make CMakeFiles/cmTC_080d9.dir/build
gmake[1]: Entering directory '/home/runner/work/downloader/downloader/cpp_xl_dl_demo/build/CMakeFiles/CMakeTmp'
Building C object CMakeFiles/cmTC_080d9.dir/CurlTests.c.o
/usr/bin/cc   -pedantic -Wall -W -Wpointer-arith -Wwrite-strings -Wunused -Wshadow -Winline -Wnested-externs -Wmissing-declarations -Wmissing-prototypes -Wfloat-equal -Wsign-compare -Wundef -Wendif-labels -Wstrict-prototypes -Wdeclaration-after-statement -Wstrict-aliasing=3 -Wcast-align -Wtype-limits -Wold-style-declaration -Wmissing-parameter-type -Wempty-body -Wclobbered -Wignored-qualifiers -Wconversion -Wvla -Wdouble-promotion -Wenum-conversion -Warith-conversion -Wno-long-long -Wno-multichar -Wno-format-nonliteral -Wno-sign-conversion -Wno-system-headers -DHAVE_GETHOSTBYNAME_R_6_REENTRANT  -DHAVE_STDIO_H -DHAVE_INTTYPES_H -DHAVE_SYS_IOCTL_H -DHAVE_SYS_PARAM_H -DHAVE_SYS_POLL_H -DHAVE_SYS_RESOURCE_H -DHAVE_SYS_SELECT_H -DHAVE_SYS_SOCKET_H -DHAVE_SYS_STAT_H -DHAVE_SYS_TIME_H -DHAVE_SYS_TYPES_H -DHAVE_SYS_UIO_H -DHAVE_SYS_UN_H -DHAVE_SYS_XATTR_H -DHAVE_ALLOCA_H -DHAVE_ARPA_INET_H -DHAVE_ARPA_TFTP_H -DHAVE_ASSERT_H -DHAVE_ERRNO_H -DHAVE_FCNTL_H -DHAVE_IFADDRS_H -DHAVE_LIBGEN_H -DHAVE_LOCALE_H -DHAVE_NET_IF_H -DHAVE_NETDB_H -DHAVE_NETINET_IN_H -DHAVE_NETINET_TCP_H -DHAVE_POLL_H -DHAVE_PWD_H -DHAVE_SETJMP_H -DHAVE_SIGNAL_H -DHAVE_STDBOOL_H -DHAVE_STDINT_H -DHAVE_STDIO_H -DHAVE_STDLIB_H -DHAVE_STRING_H -DHAVE_STRINGS_H -DHAVE_TERMIO_H -DHAVE_TERMIOS_H -DHAVE_TIME_H -DHAVE_UNISTD_H -DHAVE_UTIME_H -DHAVE_STDDEF_H -DHAVE_DLFCN_H -DHAVE_MALLOC_H -DHAVE_MEMORY_H -DHAVE_NETINET_IF_ETHER_H -DHAVE_STDINT_H -DHAVE_SYS_UTSNAME_H -o CMakeFiles/cmTC_080d9.dir/CurlTests.c.o -c /home/runner/work/downloader/downloader/cpp_xl_dl_demo/build/_deps/curl-src/CMake/CurlTests.c
/home/runner/work/downloader/downloader/cpp_xl_dl_demo/build/_deps/curl-src/CMake/CurlTests.c: In function ‘main’:
/home/runner/work/downloader/downloader/cpp_xl_dl_demo/build/_deps/curl-src/CMake/CurlTests.c:90:19: warning: initialization discards ‘const’ qualifier from pointer target type [-Wdiscarded-qualifiers]
   90 |   char *address = "example.com";
      |                   ^~~~~~~~~~~~~
Linking C executable cmTC_080d9
/usr/local/bin/cmake -E cmake_link_script CMakeFiles/cmTC_080d9.dir/link.txt --verbose=1
/usr/bin/cc  -pedantic -Wall -W -Wpointer-arith -Wwrite-strings -Wunused -Wshadow -Winline -Wnested-externs -Wmissing-declarations -Wmissing-prototypes -Wfloat-equal -Wsign-compare -Wundef -Wendif-labels -Wstrict-prototypes -Wdeclaration-after-statement -Wstrict-aliasing=3 -Wcast-align -Wtype-limits -Wold-style-declaration -Wmissing-parameter-type -Wempty-body -Wclobbered -Wignored-qualifiers -Wconversion -Wvla -Wdouble-promotion -Wenum-conversion -Warith-conversion -Wno-long-long -Wno-multichar -Wno-format-nonliteral -Wno-sign-conversion -Wno-system-headers -DHAVE_GETHOSTBYNAME_R_6_REENTRANT  -DHAVE_STDIO_H -DHAVE_INTTYPES_H -DHAVE_SYS_IOCTL_H -DHAVE_SYS_PARAM_H -DHAVE_SYS_POLL_H -DHAVE_SYS_RESOURCE_H -DHAVE_SYS_SELECT_H -DHAVE_SYS_SOCKET_H -DHAVE_SYS_STAT_H -DHAVE_SYS_TIME_H -DHAVE_SYS_TYPES_H -DHAVE_SYS_UIO_H -DHAVE_SYS_UN_H -DHAVE_SYS_XATTR_H -DHAVE_ALLOCA_H -DHAVE_ARPA_INET_H -DHAVE_ARPA_TFTP_H -DHAVE_ASSERT_H -DHAVE_ERRNO_H -DHAVE_FCNTL_H -DHAVE_IFADDRS_H -DHAVE_LIBGEN_H -DHAVE_LOCALE_H -DHAVE_NET_IF_H -DHAVE_NETDB_H -DHAVE_NETINET_IN_H -DHAVE_NETINET_TCP_H -DHAVE_POLL_H -DHAVE_PWD_H -DHAVE_SETJMP_H -DHAVE_SIGNAL_H -DHAVE_STDBOOL_H -DHAVE_STDINT_H -DHAVE_STDIO_H -DHAVE_STDLIB_H -DHAVE_STRING_H -DHAVE_STRINGS_H -DHAVE_TERMIO_H -DHAVE_TERMIOS_H -DHAVE_TIME_H -DHAVE_UNISTD_H -DHAVE_UTIME_H -DHAVE_STDDEF_H -DHAVE_DLFCN_H -DHAVE_MALLOC_H -DHAVE_MEMORY_H -DHAVE_NETINET_IF_ETHER_H -DHAVE_STDINT_H -DHAVE_SYS_UTSNAME_H CMakeFiles/cmTC_080d9.dir/CurlTests.c.o -o cmTC_080d9  /usr/lib/x86_64-linux-gnu/libssl.so /usr/lib/x86_64-linux-gnu/libcrypto.so
gmake[1]: Leaving directory '/home/runner/work/downloader/downloader/cpp_xl_dl_demo/build/CMakeFiles/CMakeTmp'


Performing Curl Test HAVE_IN_ADDR_T passed with the following output:
Change Dir: '/home/runner/work/downloader/downloader/cpp_xl_dl_demo/build/CMakeFiles/CMakeTmp'

Run Build Command(s): /usr/local/bin/cmake -E env VERBOSE=1 /usr/bin/gmake -f Makefile cmTC_349b4/fast
/usr/bin/gmake  -f CMakeFiles/cmTC_349b4.dir/build.make CMakeFiles/cmTC_349b4.dir/build
gmake[1]: Entering directory '/home/runner/work/downloader/downloader/cpp_xl_dl_demo/build/CMakeFiles/CMakeTmp'
Building C object CMakeFiles/cmTC_349b4.dir/CurlTests.c.o
/usr/bin/cc   -pedantic -Wall -W -Wpointer-arith -Wwrite-strings -Wunused -Wshadow -Winline -Wnested-externs -Wmissing-declarations -Wmissing-prototypes -Wfloat-equal -Wsign-compare -Wundef -Wendif-labels -Wstrict-prototypes -Wdeclaration-after-statement -Wstrict-aliasing=3 -Wcast-align -Wtype-limits -Wold-style-declaration -Wmissing-parameter-type -Wempty-body -Wclobbered -Wignored-qualifiers -Wconversion -Wvla -Wdouble-promotion -Wenum-conversion -Warith-conversion -Wno-long-long -Wno-multichar -Wno-format-nonliteral -Wno-sign-conversion -Wno-system-headers -DHAVE_IN_ADDR_T  -DHAVE_STDIO_H -DHAVE_INTTYPES_H -DHAVE_SYS_IOCTL_H -DHAVE_SYS_PARAM_H -DHAVE_SYS_POLL_H -DHAVE_SYS_RESOURCE_H -DHAVE_SYS_SELECT_H -DHAVE_SYS_SOCKET_H -DHAVE_SYS_STAT_H -DHAVE_SYS_TIME_H -DHAVE_SYS_TYPES_H -DHAVE_SYS_UIO_H -DHAVE_SYS_UN_H -DHAVE_SYS_XATTR_H -DHAVE_ALLOCA_H -DHAVE_ARPA_INET_H -DHAVE_ARPA_TFTP_H -DHAVE_ASSERT_H -DHAVE_ERRNO_H -DHAVE_FCNTL_H -DHAVE_IFADDRS_H -DHAVE_LIBGEN_H -DHAVE_LOCALE_H -DHAVE_NET_IF_H -DHAVE_NETDB_H -DHAVE_NETINET_IN_H -DHAVE_NETINET_TCP_H -DHAVE_POLL_H -DHAVE_PWD_H -DHAVE_SETJMP_H -DHAVE_SIGNAL_H -DHAVE_STDBOOL_H -DHAVE_STDINT_H -DHAVE_STDIO_H -DHAVE_STDLIB_H -DHAVE_STRING_H -DHAVE_STRINGS_H -DHAVE_TERMIO_H -DHAVE_TERMIOS_H -DHAVE_TIME_H -DHAVE_UNISTD_H -DHAVE_UTIME_H -DHAVE_STDDEF_H -DHAVE_DLFCN_H -DHAVE_MALLOC_H -DHAVE_MEMORY_H -DHAVE_NETINET_IF_ETHER_H -DHAVE_STDINT_H -DHAVE_SYS_UTSNAME_H -o CMakeFiles/cmTC_349b4.dir/CurlTests.c.o -c /home/runner/work/downloader/downloader/cpp_xl_dl_demo/build/_deps/curl-src/CMake/CurlTests.c
/home/runner/work/downloader/downloader/cpp_xl_dl_demo/build/_deps/curl-src/CMake/CurlTests.c:150:1: warning: function declaration isn’t a prototype [-Wstrict-prototypes]
  150 | main ()
      | ^~~~
Linking C executable cmTC_349b4
/usr/local/bin/cmake -E cmake_link_script CMakeFiles/cmTC_349b4.dir/link.txt --verbose=1
/usr/bin/cc  -pedantic -Wall -W -Wpointer-arith -Wwrite-strings -Wunused -Wshadow -Winline -Wnested-externs -Wmissing-declarations -Wmissing-prototypes -Wfloat-equal -Wsign-compare -Wundef -Wendif-labels -Wstrict-prototypes -Wdeclaration-after-statement -Wstrict-aliasing=3 -Wcast-align -Wtype-limits -Wold-style-declaration -Wmissing-parameter-type -Wempty-body -Wclobbered -Wignored-qualifiers -Wconversion -Wvla -Wdouble-promotion -Wenum-conversion -Warith-conversion -Wno-long-long -Wno-multichar -Wno-format-nonliteral -Wno-sign-conversion -Wno-system-headers -DHAVE_IN_ADDR_T  -DHAVE_STDIO_H -DHAVE_INTTYPES_H -DHAVE_SYS_IOCTL_H -DHAVE_SYS_PARAM_H -DHAVE_SYS_POLL_H -DHAVE_SYS_RESOURCE_H -DHAVE_SYS_SELECT_H -DHAVE_SYS_SOCKET_H -DHAVE_SYS_STAT_H -DHAVE_SYS_TIME_H -DHAVE_SYS_TYPES_H -DHAVE_SYS_UIO_H -DHAVE_SYS_UN_H -DHAVE_SYS_XATTR_H -DHAVE_ALLOCA_H -DHAVE_ARPA_INET_H -DHAVE_ARPA_TFTP_H -DHAVE_ASSERT_H -DHAVE_ERRNO_H -DHAVE_FCNTL_H -DHAVE_IFADDRS_H -DHAVE_LIBGEN_H -DHAVE_LOCALE_H -DHAVE_NET_IF_H -DHAVE_NETDB_H -DHAVE_NETINET_IN_H -DHAVE_NETINET_TCP_H -DHAVE_POLL_H -DHAVE_PWD_H -DHAVE_SETJMP_H -DHAVE_SIGNAL_H -DHAVE_STDBOOL_H -DHAVE_STDINT_H -DHAVE_STDIO_H -DHAVE_STDLIB_H -DHAVE_STRING_H -DHAVE_STRINGS_H -DHAVE_TERMIO_H -DHAVE_TERMIOS_H -DHAVE_TIME_H -DHAVE_UNISTD_H -DHAVE_UTIME_H -DHAVE_STDDEF_H -DHAVE_DLFCN_H -DHAVE_MALLOC_H -DHAVE_MEMORY_H -DHAVE_NETINET_IF_ETHER_H -DHAVE_STDINT_H -DHAVE_SYS_UTSNAME_H CMakeFiles/cmTC_349b4.dir/CurlTests.c.o -o cmTC_349b4  /usr/lib/x86_64-linux-gnu/libssl.so /usr/lib/x86_64-linux-gnu/libcrypto.so
gmake[1]: Leaving directory '/home/runner/work/downloader/downloader/cpp_xl_dl_demo/build/CMakeFiles/CMakeTmp'


Performing Curl Test HAVE_BOOL_T passed with the following output:
Change Dir: '/home/runner/work/downloader/downloader/cpp_xl_dl_demo/build/CMakeFiles/CMakeTmp'

Run Build Command(s): /usr/local/bin/cmake -E env VERBOSE=1 /usr/bin/gmake -f Makefile cmTC_cf8b0/fast
/usr/bin/gmake  -f CMakeFiles/cmTC_cf8b0.dir/build.make CMakeFiles/cmTC_cf8b0.dir/build
gmake[1]: Entering directory '/home/runner/work/downloader/downloader/cpp_xl_dl_demo/build/CMakeFiles/CMakeTmp'
Building C object CMakeFiles/cmTC_cf8b0.dir/CurlTests.c.o
/usr/bin/cc   -pedantic -Wall -W -Wpointer-arith -Wwrite-strings -Wunused -Wshadow -Winline -Wnested-externs -Wmissing-declarations -Wmissing-prototypes -Wfloat-equal -Wsign-compare -Wundef -Wendif-labels -Wstrict-prototypes -Wdeclaration-after-statement -Wstrict-aliasing=3 -Wcast-align -Wtype-limits -Wold-style-declaration -Wmissing-parameter-type -Wempty-body -Wclobbered -Wignored-qualifiers -Wconversion -Wvla -Wdouble-promotion -Wenum-conversion -Warith-conversion -Wno-long-long -Wno-multichar -Wno-format-nonliteral -Wno-sign-conversion -Wno-system-headers -DHAVE_BOOL_T  -DHAVE_STDIO_H -DHAVE_INTTYPES_H -DHAVE_SYS_IOCTL_H -DHAVE_SYS_PARAM_H -DHAVE_SYS_POLL_H -DHAVE_SYS_RESOURCE_H -DHAVE_SYS_SELECT_H -DHAVE_SYS_SOCKET_H -DHAVE_SYS_STAT_H -DHAVE_SYS_TIME_H -DHAVE_SYS_TYPES_H -DHAVE_SYS_UIO_H -DHAVE_SYS_UN_H -DHAVE_SYS_XATTR_H -DHAVE_ALLOCA_H -DHAVE_ARPA_INET_H -DHAVE_ARPA_TFTP_H -DHAVE_ASSERT_H -DHAVE_ERRNO_H -DHAVE_FCNTL_H -DHAVE_IFADDRS_H -DHAVE_LIBGEN_H -DHAVE_LOCALE_H -DHAVE_NET_IF_H -DHAVE_NETDB_H -DHAVE_NETINET_IN_H -DHAVE_NETINET_TCP_H -DHAVE_POLL_H -DHAVE_PWD_H -DHAVE_SETJMP_H -DHAVE_SIGNAL_H -DHAVE_STDBOOL_H -DHAVE_STDINT_H -DHAVE_STDIO_H -DHAVE_STDLIB_H -DHAVE_STRING_H -DHAVE_STRINGS_H -DHAVE_TERMIO_H -DHAVE_TERMIOS_H -DHAVE_TIME_H -DHAVE_UNISTD_H -DHAVE_UTIME_H -DHAVE_STDDEF_H -DHAVE_DLFCN_H -DHAVE_MALLOC_H -DHAVE_MEMORY_H -DHAVE_NETINET_IF_ETHER_H -DHAVE_STDINT_H -DHAVE_SYS_UTSNAME_H -o CMakeFiles/cmTC_cf8b0.dir/CurlTests.c.o -c /home/runner/work/downloader/downloader/cpp_xl_dl_demo/build/_deps/curl-src/CMake/CurlTests.c
/home/runner/work/downloader/downloader/cpp_xl_dl_demo/build/_deps/curl-src/CMake/CurlTests.c:169:1: warning: function declaration isn’t a prototype [-Wstrict-prototypes]
  169 | main ()
      | ^~~~
Linking C executable cmTC_cf8b0
/usr/local/bin/cmake -E cmake_link_script CMakeFiles/cmTC_cf8b0.dir/link.txt --verbose=1
/usr/bin/cc  -pedantic -Wall -W -Wpointer-arith -Wwrite-strings -Wunused -Wshadow -Winline -Wnested-externs -Wmissing-declarations -Wmissing-prototypes -Wfloat-equal -Wsign-compare -Wundef -Wendif-labels -Wstrict-prototypes -Wdeclaration-after-statement -Wstrict-aliasing=3 -Wcast-align -Wtype-limits -Wold-style-declaration -Wmissing-parameter-type -Wempty-body -Wclobbered -Wignored-qualifiers -Wconversion -Wvla -Wdouble-promotion -Wenum-conversion -Warith-conversion -Wno-long-long -Wno-multichar -Wno-format-nonliteral -Wno-sign-conversion -Wno-system-headers -DHAVE_BOOL_T  -DHAVE_STDIO_H -DHAVE_INTTYPES_H -DHAVE_SYS_IOCTL_H -DHAVE_SYS_PARAM_H -DHAVE_SYS_POLL_H -DHAVE_SYS_RESOURCE_H -DHAVE_SYS_SELECT_H -DHAVE_SYS_SOCKET_H -DHAVE_SYS_STAT_H -DHAVE_SYS_TIME_H -DHAVE_SYS_TYPES_H -DHAVE_SYS_UIO_H -DHAVE_SYS_UN_H -DHAVE_SYS_XATTR_H -DHAVE_ALLOCA_H -DHAVE_ARPA_INET_H -DHAVE_ARPA_TFTP_H -DHAVE_ASSERT_H -DHAVE_ERRNO_H -DHAVE_FCNTL_H -DHAVE_IFADDRS_H -DHAVE_LIBGEN_H -DHAVE_LOCALE_H -DHAVE_NET_IF_H -DHAVE_NETDB_H -DHAVE_NETINET_IN_H -DHAVE_NETINET_TCP_H -DHAVE_POLL_H -DHAVE_PWD_H -DHAVE_SETJMP_H -DHAVE_SIGNAL_H -DHAVE_STDBOOL_H -DHAVE_STDINT_H -DHAVE_STDIO_H -DHAVE_STDLIB_H -DHAVE_STRING_H -DHAVE_STRINGS_H -DHAVE_TERMIO_H -DHAVE_TERMIOS_H -DHAVE_TIME_H -DHAVE_UNISTD_H -DHAVE_UTIME_H -DHAVE_STDDEF_H -DHAVE_DLFCN_H -DHAVE_MALLOC_H -DHAVE_MEMORY_H -DHAVE_NETINET_IF_ETHER_H -DHAVE_STDINT_H -DHAVE_SYS_UTSNAME_H CMakeFiles/cmTC_cf8b0.dir/CurlTests.c.o -o cmTC_cf8b0  /usr/lib/x86_64-linux-gnu/libssl.so /usr/lib/x86_64-linux-gnu/libcrypto.so
gmake[1]: Leaving directory '/home/runner/work/downloader/downloader/cpp_xl_dl_demo/build/CMakeFiles/CMakeTmp'


Performing Curl Test STDC_HEADERS passed with the following output:
Change Dir: '/home/runner/work/downloader/downloader/cpp_xl_dl_demo/build/CMakeFiles/CMakeTmp'

Run Build Command(s): /usr/local/bin/cmake -E env VERBOSE=1 /usr/bin/gmake -f Makefile cmTC_faff6/fast
/usr/bin/gmake  -f CMakeFiles/cmTC_faff6.dir/build.make CMakeFiles/cmTC_faff6.dir/build
gmake[1]: Entering directory '/home/runner/work/downloader/downloader/cpp_xl_dl_demo/build/CMakeFiles/CMakeTmp'
Building C object CMakeFiles/cmTC_faff6.dir/CurlTests.c.o
/usr/bin/cc   -pedantic -Wall -W -Wpointer-arith -Wwrite-strings -Wunused -Wshadow -Winline -Wnested-externs -Wmissing-declarations -Wmissing-prototypes -Wfloat-equal -Wsign-compare -Wundef -Wendif-labels -Wstrict-prototypes -Wdeclaration-after-statement -Wstrict-aliasing=3 -Wcast-align -Wtype-limits -Wold-style-declaration -Wmissing-parameter-type -Wempty-body -Wclobbered -Wignored-qualifiers -Wconversion -Wvla -Wdouble-promotion -Wenum-conversion -Warith-conversion -Wno-long-long -Wno-multichar -Wno-format-nonliteral -Wno-sign-conversion -Wno-system-headers -DSTDC_HEADERS  -DHAVE_STDIO_H -DHAVE_INTTYPES_H -DHAVE_SYS_IOCTL_H -DHAVE_SYS_PARAM_H -DHAVE_SYS_POLL_H -DHAVE_SYS_RESOURCE_H -DHAVE_SYS_SELECT_H -DHAVE_SYS_SOCKET_H -DHAVE_SYS_STAT_H -DHAVE_SYS_TIME_H -DHAVE_SYS_TYPES_H -DHAVE_SYS_UIO_H -DHAVE_SYS_UN_H -DHAVE_SYS_XATTR_H -DHAVE_ALLOCA_H -DHAVE_ARPA_INET_H -DHAVE_ARPA_TFTP_H -DHAVE_ASSERT_H -DHAVE_ERRNO_H -DHAVE_FCNTL_H -DHAVE_IFADDRS_H -DHAVE_LIBGEN_H -DHAVE_LOCALE_H -DHAVE_NET_IF_H -DHAVE_NETDB_H -DHAVE_NETINET_IN_H -DHAVE_NETINET_TCP_H -DHAVE_POLL_H -DHAVE_PWD_H -DHAVE_SETJMP_H -DHAVE_SIGNAL_H -DHAVE_STDBOOL_H -DHAVE_STDINT_H -DHAVE_STDIO_H -DHAVE_STDLIB_H -DHAVE_STRING_H -DHAVE_STRINGS_H -DHAVE_TERMIO_H -DHAVE_TERMIOS_H -DHAVE_TIME_H -DHAVE_UNISTD_H -DHAVE_UTIME_H -DHAVE_STDDEF_H -DHAVE_DLFCN_H -DHAVE_MALLOC_H -DHAVE_MEMORY_H -DHAVE_NETINET_IF_ETHER_H -DHAVE_STDINT_H -DHAVE_SYS_UTSNAME_H -o CMakeFiles/cmTC_faff6.dir/CurlTests.c.o -c /home/runner/work/downloader/downloader/cpp_xl_dl_demo/build/_deps/curl-src/CMake/CurlTests.c
/home/runner/work/downloader/downloader/cpp_xl_dl_demo/build/_deps/curl-src/CMake/CurlTests.c:183:5: warning: function declaration isn’t a prototype [-Wstrict-prototypes]
  183 | int main() { return 0; }
      |     ^~~~
Linking C executable cmTC_faff6
/usr/local/bin/cmake -E cmake_link_script CMakeFiles/cmTC_faff6.dir/link.txt --verbose=1
/usr/bin/cc  -pedantic -Wall -W -Wpointer-arith -Wwrite-strings -Wunused -Wshadow -Winline -Wnested-externs -Wmissing-declarations -Wmissing-prototypes -Wfloat-equal -Wsign-compare -Wundef -Wendif-labels -Wstrict-prototypes -Wdeclaration-after-statement -Wstrict-aliasing=3 -Wcast-align -Wtype-limits -Wold-style-declaration -Wmissing-parameter-type -Wempty-body -Wclobbered -Wignored-qualifiers -Wconversion -Wvla -Wdouble-promotion -Wenum-conversion -Warith-conversion -Wno-long-long -Wno-multichar -Wno-format-nonliteral -Wno-sign-conversion -Wno-system-headers -DSTDC_HEADERS  -DHAVE_STDIO_H -DHAVE_INTTYPES_H -DHAVE_SYS_IOCTL_H -DHAVE_SYS_PARAM_H -DHAVE_SYS_POLL_H -DHAVE_SYS_RESOURCE_H -DHAVE_SYS_SELECT_H -DHAVE_SYS_SOCKET_H -DHAVE_SYS_STAT_H -DHAVE_SYS_TIME_H -DHAVE_SYS_TYPES_H -DHAVE_SYS_UIO_H -DHAVE_SYS_UN_H -DHAVE_SYS_XATTR_H -DHAVE_ALLOCA_H -DHAVE_ARPA_INET_H -DHAVE_ARPA_TFTP_H -DHAVE_ASSERT_H -DHAVE_ERRNO_H -DHAVE_FCNTL_H -DHAVE_IFADDRS_H -DHAVE_LIBGEN_H -DHAVE_LOCALE_H -DHAVE_NET_IF_H -DHAVE_NETDB_H -DHAVE_NETINET_IN_H -DHAVE_NETINET_TCP_H -DHAVE_POLL_H -DHAVE_PWD_H -DHAVE_SETJMP_H -DHAVE_SIGNAL_H -DHAVE_STDBOOL_H -DHAVE_STDINT_H -DHAVE_STDIO_H -DHAVE_STDLIB_H -DHAVE_STRING_H -DHAVE_STRINGS_H -DHAVE_TERMIO_H -DHAVE_TERMIOS_H -DHAVE_TIME_H -DHAVE_UNISTD_H -DHAVE_UTIME_H -DHAVE_STDDEF_H -DHAVE_DLFCN_H -DHAVE_MALLOC_H -DHAVE_MEMORY_H -DHAVE_NETINET_IF_ETHER_H -DHAVE_STDINT_H -DHAVE_SYS_UTSNAME_H CMakeFiles/cmTC_faff6.dir/CurlTests.c.o -o cmTC_faff6  /usr/lib/x86_64-linux-gnu/libssl.so /usr/lib/x86_64-linux-gnu/libcrypto.so
gmake[1]: Leaving directory '/home/runner/work/downloader/downloader/cpp_xl_dl_demo/build/CMakeFiles/CMakeTmp'


Performing Curl Test HAVE_FILE_OFFSET_BITS passed with the following output:
Change Dir: '/home/runner/work/downloader/downloader/cpp_xl_dl_demo/build/CMakeFiles/CMakeTmp'

Run Build Command(s): /usr/local/bin/cmake -E env VERBOSE=1 /usr/bin/gmake -f Makefile cmTC_b0e04/fast
/usr/bin/gmake  -f CMakeFiles/cmTC_b0e04.dir/build.make CMakeFiles/cmTC_b0e04.dir/build
gmake[1]: Entering directory '/home/runner/work/downloader/downloader/cpp_xl_dl_demo/build/CMakeFiles/CMakeTmp'
Building C object CMakeFiles/cmTC_b0e04.dir/CurlTests.c.o
/usr/bin/cc   -pedantic -Wall -W -Wpointer-arith -Wwrite-strings -Wunused -Wshadow -Winline -Wnested-externs -Wmissing-declarations -Wmissing-prototypes -Wfloat-equal -Wsign-compare -Wundef -Wendif-labels -Wstrict-prototypes -Wdeclaration-after-statement -Wstrict-aliasing=3 -Wcast-align -Wtype-limits -Wold-style-declaration -Wmissing-parameter-type -Wempty-body -Wclobbered -Wignored-qualifiers -Wconversion -Wvla -Wdouble-promotion -Wenum-conversion -Warith-conversion -Wno-long-long -Wno-multichar -Wno-format-nonliteral -Wno-sign-conversion -Wno-system-headers -DHAVE_FILE_OFFSET_BITS  -DHAVE_STDIO_H -DHAVE_INTTYPES_H -DHAVE_SYS_IOCTL_H -DHAVE_SYS_PARAM_H -DHAVE_SYS_POLL_H -DHAVE_SYS_RESOURCE_H -DHAVE_SYS_SELECT_H -DHAVE_SYS_SOCKET_H -DHAVE_SYS_STAT_H -DHAVE_SYS_TIME_H -DHAVE_SYS_TYPES_H -DHAVE_SYS_UIO_H -DHAVE_SYS_UN_H -DHAVE_SYS_XATTR_H -DHAVE_ALLOCA_H -DHAVE_ARPA_INET_H -DHAVE_ARPA_TFTP_H -DHAVE_ASSERT_H -DHAVE_ERRNO_H -DHAVE_FCNTL_H -DHAVE_IFADDRS_H -DHAVE_LIBGEN_H -DHAVE_LOCALE_H -DHAVE_NET_IF_H -DHAVE_NETDB_H -DHAVE_NETINET_IN_H -DHAVE_NETINET_TCP_H -DHAVE_POLL_H -DHAVE_PWD_H -DHAVE_SETJMP_H -DHAVE_SIGNAL_H -DHAVE_STDBOOL_H -DHAVE_STDINT_H -DHAVE_STDIO_H -DHAVE_STDLIB_H -DHAVE_STRING_H -DHAVE_STRINGS_H -DHAVE_TERMIO_H -DHAVE_TERMIOS_H -DHAVE_TIME_H -DHAVE_UNISTD_H -DHAVE_UTIME_H -DHAVE_STDDEF_H -DHAVE_DLFCN_H -DHAVE_MALLOC_H -DHAVE_MEMORY_H -DHAVE_NETINET_IF_ETHER_H -DHAVE_STDINT_H -DHAVE_SYS_UTSNAME_H -o CMakeFiles/cmTC_b0e04.dir/CurlTests.c.o -c /home/runner/work/downloader/downloader/cpp_xl_dl_demo/build/_deps/curl-src/CMake/CurlTests.c
/home/runner/work/downloader/downloader/cpp_xl_dl_demo/build/_deps/curl-src/CMake/CurlTests.c:221:5: warning: function declaration isn’t a prototype [-Wstrict-prototypes]
  221 | int main () { ; return 0; }
      |     ^~~~
Linking C executable cmTC_b0e04
/usr/local/bin/cmake -E cmake_link_script CMakeFiles/cmTC_b0e04.dir/link.txt --verbose=1
/usr/bin/cc  -pedantic -Wall -W -Wpointer-arith -Wwrite-strings -Wunused -Wshadow -Winline -Wnested-externs -Wmissing-declarations -Wmissing-prototypes -Wfloat-equal -Wsign-compare -Wundef -Wendif-labels -Wstrict-prototypes -Wdeclaration-after-statement -Wstrict-aliasing=3 -Wcast-align -Wtype-limits -Wold-style-declaration -Wmissing-parameter-type -Wempty-body -Wclobbered -Wignored-qualifiers -Wconversion -Wvla -Wdouble-promotion -Wenum-conversion -Warith-conversion -Wno-long-long -Wno-multichar -Wno-format-nonliteral -Wno-sign-conversion -Wno-system-headers -DHAVE_FILE_OFFSET_BITS  -DHAVE_STDIO_H -DHAVE_INTTYPES_H -DHAVE_SYS_IOCTL_H -DHAVE_SYS_PARAM_H -DHAVE_SYS_POLL_H -DHAVE_SYS_RESOURCE_H -DHAVE_SYS_SELECT_H -DHAVE_SYS_SOCKET_H -DHAVE_SYS_STAT_H -DHAVE_SYS_TIME_H -DHAVE_SYS_TYPES_H -DHAVE_SYS_UIO_H -DHAVE_SYS_UN_H -DHAVE_SYS_XATTR_H -DHAVE_ALLOCA_H -DHAVE_ARPA_INET_H -DHAVE_ARPA_TFTP_H -DHAVE_ASSERT_H -DHAVE_ERRNO_H -DHAVE_FCNTL_H -DHAVE_IFADDRS_H -DHAVE_LIBGEN_H -DHAVE_LOCALE_H -DHAVE_NET_IF_H -DHAVE_NETDB_H -DHAVE_NETINET_IN_H -DHAVE_NETINET_TCP_H -DHAVE_POLL_H -DHAVE_PWD_H -DHAVE_SETJMP_H -DHAVE_SIGNAL_H -DHAVE_STDBOOL_H -DHAVE_STDINT_H -DHAVE_STDIO_H -DHAVE_STDLIB_H -DHAVE_STRING_H -DHAVE_STRINGS_H -DHAVE_TERMIO_H -DHAVE_TERMIOS_H -DHAVE_TIME_H -DHAVE_UNISTD_H -DHAVE_UTIME_H -DHAVE_STDDEF_H -DHAVE_DLFCN_H -DHAVE_MALLOC_H -DHAVE_MEMORY_H -DHAVE_NETINET_IF_ETHER_H -DHAVE_STDINT_H -DHAVE_SYS_UTSNAME_H CMakeFiles/cmTC_b0e04.dir/CurlTests.c.o -o cmTC_b0e04  /usr/lib/x86_64-linux-gnu/libssl.so /usr/lib/x86_64-linux-gnu/libcrypto.so
gmake[1]: Leaving directory '/home/runner/work/downloader/downloader/cpp_xl_dl_demo/build/CMakeFiles/CMakeTmp'


Performing Curl Test HAVE_VARIADIC_MACROS_C99 passed with the following output:
Change Dir: '/home/runner/work/downloader/downloader/cpp_xl_dl_demo/build/CMakeFiles/CMakeTmp'

Run Build Command(s): /usr/local/bin/cmake -E env VERBOSE=1 /usr/bin/gmake -f Makefile cmTC_ca6a9/fast
/usr/bin/gmake  -f CMakeFiles/cmTC_ca6a9.dir/build.make CMakeFiles/cmTC_ca6a9.dir/build
gmake[1]: Entering directory '/home/runner/work/downloader/downloader/cpp_xl_dl_demo/build/CMakeFiles/CMakeTmp'
Building C object CMakeFiles/cmTC_ca6a9.dir/CurlTests.c.o
/usr/bin/cc   -pedantic -Wall -W -Wpointer-arith -Wwrite-strings -Wunused -Wshadow -Winline -Wnested-externs -Wmissing-declarations -Wmissing-prototypes -Wfloat-equal -Wsign-compare -Wundef -Wendif-labels -Wstrict-prototypes -Wdeclaration-after-statement -Wstrict-aliasing=3 -Wcast-align -Wtype-limits -Wold-style-declaration -Wmissing-parameter-type -Wempty-body -Wclobbered -Wignored-qualifiers -Wconversion -Wvla -Wdouble-promotion -Wenum-conversion -Warith-conversion -Wno-long-long -Wno-multichar -Wno-format-nonliteral -Wno-sign-conversion -Wno-system-headers -DHAVE_VARIADIC_MACROS_C99  -DHAVE_STDIO_H -DHAVE_INTTYPES_H -DHAVE_SYS_IOCTL_H -DHAVE_SYS_PARAM_H -DHAVE_SYS_POLL_H -DHAVE_SYS_RESOURCE_H -DHAVE_SYS_SELECT_H -DHAVE_SYS_SOCKET_H -DHAVE_SYS_STAT_H -DHAVE_SYS_TIME_H -DHAVE_SYS_TYPES_H -DHAVE_SYS_UIO_H -DHAVE_SYS_UN_H -DHAVE_SYS_XATTR_H -DHAVE_ALLOCA_H -DHAVE_ARPA_INET_H -DHAVE_ARPA_TFTP_H -DHAVE_ASSERT_H -DHAVE_ERRNO_H -DHAVE_FCNTL_H -DHAVE_IFADDRS_H -DHAVE_LIBGEN_H -DHAVE_LOCALE_H -DHAVE_NET_IF_H -DHAVE_NETDB_H -DHAVE_NETINET_IN_H -DHAVE_NETINET_TCP_H -DHAVE_POLL_H -DHAVE_PWD_H -DHAVE_SETJMP_H -DHAVE_SIGNAL_H -DHAVE_STDBOOL_H -DHAVE_STDINT_H -DHAVE_STDIO_H -DHAVE_STDLIB_H -DHAVE_STRING_H -DHAVE_STRINGS_H -DHAVE_TERMIO_H -DHAVE_TERMIOS_H -DHAVE_TIME_H -DHAVE_UNISTD_H -DHAVE_UTIME_H -DHAVE_STDDEF_H -DHAVE_DLFCN_H -DHAVE_MALLOC_H -DHAVE_MEMORY_H -DHAVE_NETINET_IF_ETHER_H -DHAVE_STDINT_H -DHAVE_SYS_UTSNAME_H -o CMakeFiles/cmTC_ca6a9.dir/CurlTests.c.o -c /home/runner/work/downloader/downloader/cpp_xl_dl_demo/build/_deps/curl-src/CMake/CurlTests.c
/home/runner/work/downloader/downloader/cpp_xl_dl_demo/build/_deps/curl-src/CMake/CurlTests.c:486:1: warning: function declaration isn’t a prototype [-Wstrict-prototypes]
  486 | main() {
      | ^~~~
Linking C executable cmTC_ca6a9
/usr/local/bin/cmake -E cmake_link_script CMakeFiles/cmTC_ca6a9.dir/link.txt --verbose=1
/usr/bin/cc  -pedantic -Wall -W -Wpointer-arith -Wwrite-strings -Wunused -Wshadow -Winline -Wnested-externs -Wmissing-declarations -Wmissing-prototypes -Wfloat-equal -Wsign-compare -Wundef -Wendif-labels -Wstrict-prototypes -Wdeclaration-after-statement -Wstrict-aliasing=3 -Wcast-align -Wtype-limits -Wold-style-declaration -Wmissing-parameter-type -Wempty-body -Wclobbered -Wignored-qualifiers -Wconversion -Wvla -Wdouble-promotion -Wenum-conversion -Warith-conversion -Wno-long-long -Wno-multichar -Wno-format-nonliteral -Wno-sign-conversion -Wno-system-headers -DHAVE_VARIADIC_MACROS_C99  -DHAVE_STDIO_H -DHAVE_INTTYPES_H -DHAVE_SYS_IOCTL_H -DHAVE_SYS_PARAM_H -DHAVE_SYS_POLL_H -DHAVE_SYS_RESOURCE_H -DHAVE_SYS_SELECT_H -DHAVE_SYS_SOCKET_H -DHAVE_SYS_STAT_H -DHAVE_SYS_TIME_H -DHAVE_SYS_TYPES_H -DHAVE_SYS_UIO_H -DHAVE_SYS_UN_H -DHAVE_SYS_XATTR_H -DHAVE_ALLOCA_H -DHAVE_ARPA_INET_H -DHAVE_ARPA_TFTP_H -DHAVE_ASSERT_H -DHAVE_ERRNO_H -DHAVE_FCNTL_H -DHAVE_IFADDRS_H -DHAVE_LIBGEN_H -DHAVE_LOCALE_H -DHAVE_NET_IF_H -DHAVE_NETDB_H -DHAVE_NETINET_IN_H -DHAVE_NETINET_TCP_H -DHAVE_POLL_H -DHAVE_PWD_H -DHAVE_SETJMP_H -DHAVE_SIGNAL_H -DHAVE_STDBOOL_H -DHAVE_STDINT_H -DHAVE_STDIO_H -DHAVE_STDLIB_H -DHAVE_STRING_H -DHAVE_STRINGS_H -DHAVE_TERMIO_H -DHAVE_TERMIOS_H -DHAVE_TIME_H -DHAVE_UNISTD_H -DHAVE_UTIME_H -DHAVE_STDDEF_H -DHAVE_DLFCN_H -DHAVE_MALLOC_H -DHAVE_MEMORY_H -DHAVE_NETINET_IF_ETHER_H -DHAVE_STDINT_H -DHAVE_SYS_UTSNAME_H CMakeFiles/cmTC_ca6a9.dir/CurlTests.c.o -o cmTC_ca6a9  /usr/lib/x86_64-linux-gnu/libssl.so /usr/lib/x86_64-linux-gnu/libcrypto.so
gmake[1]: Leaving directory '/home/runner/work/downloader/downloader/cpp_xl_dl_demo/build/CMakeFiles/CMakeTmp'


Performing Curl Test HAVE_VARIADIC_MACROS_GCC passed with the following output:
Change Dir: '/home/runner/work/downloader/downloader/cpp_xl_dl_demo/build/CMakeFiles/CMakeTmp'

Run Build Command(s): /usr/local/bin/cmake -E env VERBOSE=1 /usr/bin/gmake -f Makefile cmTC_65d13/fast
/usr/bin/gmake  -f CMakeFiles/cmTC_65d13.dir/build.make CMakeFiles/cmTC_65d13.dir/build
gmake[1]: Entering directory '/home/runner/work/downloader/downloader/cpp_xl_dl_demo/build/CMakeFiles/CMakeTmp'
Building C object CMakeFiles/cmTC_65d13.dir/CurlTests.c.o
/usr/bin/cc   -pedantic -Wall -W -Wpointer-arith -Wwrite-strings -Wunused -Wshadow -Winline -Wnested-externs -Wmissing-declarations -Wmissing-prototypes -Wfloat-equal -Wsign-compare -Wundef -Wendif-labels -Wstrict-prototypes -Wdeclaration-after-statement -Wstrict-aliasing=3 -Wcast-align -Wtype-limits -Wold-style-declaration -Wmissing-parameter-type -Wempty-body -Wclobbered -Wignored-qualifiers -Wconversion -Wvla -Wdouble-promotion -Wenum-conversion -Warith-conversion -Wno-long-long -Wno-multichar -Wno-format-nonliteral -Wno-sign-conversion -Wno-system-headers -DHAVE_VARIADIC_MACROS_GCC  -DHAVE_STDIO_H -DHAVE_INTTYPES_H -DHAVE_SYS_IOCTL_H -DHAVE_SYS_PARAM_H -DHAVE_SYS_POLL_H -DHAVE_SYS_RESOURCE_H -DHAVE_SYS_SELECT_H -DHAVE_SYS_SOCKET_H -DHAVE_SYS_STAT_H -DHAVE_SYS_TIME_H -DHAVE_SYS_TYPES_H -DHAVE_SYS_UIO_H -DHAVE_SYS_UN_H -DHAVE_SYS_XATTR_H -DHAVE_ALLOCA_H -DHAVE_ARPA_INET_H -DHAVE_ARPA_TFTP_H -DHAVE_ASSERT_H -DHAVE_ERRNO_H -DHAVE_FCNTL_H -DHAVE_IFADDRS_H -DHAVE_LIBGEN_H -DHAVE_LOCALE_H -DHAVE_NET_IF_H -DHAVE_NETDB_H -DHAVE_NETINET_IN_H -DHAVE_NETINET_TCP_H -DHAVE_POLL_H -DHAVE_PWD_H -DHAVE_SETJMP_H -DHAVE_SIGNAL_H -DHAVE_STDBOOL_H -DHAVE_STDINT_H -DHAVE_STDIO_H -DHAVE_STDLIB_H -DHAVE_STRING_H -DHAVE_STRINGS_H -DHAVE_TERMIO_H -DHAVE_TERMIOS_H -DHAVE_TIME_H -DHAVE_UNISTD_H -DHAVE_UTIME_H -DHAVE_STDDEF_H -DHAVE_DLFCN_H -DHAVE_MALLOC_H -DHAVE_MEMORY_H -DHAVE_NETINET_IF_ETHER_H -DHAVE_STDINT_H -DHAVE_SYS_UTSNAME_H -o CMakeFiles/cmTC_65d13.dir/CurlTests.c.o -c /home/runner/work/downloader/downloader/cpp_xl_dl_demo/build/_deps/curl-src/CMake/CurlTests.c
/home/runner/work/downloader/downloader/cpp_xl_dl_demo/build/_deps/curl-src/CMake/CurlTests.c:495:32: warning: ISO C does not permit named variadic macros [-Wvariadic-macros]
  495 | #define gcc_vmacro3(first, args...) fun3(first, args)
      |                                ^~~
/home/runner/work/downloader/downloader/cpp_xl_dl_demo/build/_deps/curl-src/CMake/CurlTests.c:496:32: warning: ISO C does not permit named variadic macros [-Wvariadic-macros]
  496 | #define gcc_vmacro2(first, args...) fun2(first, args)
      |                                ^~~
/home/runner/work/downloader/downloader/cpp_xl_dl_demo/build/_deps/curl-src/CMake/CurlTests.c:509:1: warning: function declaration isn’t a prototype [-Wstrict-prototypes]
  509 | main() {
      | ^~~~
Linking C executable cmTC_65d13
/usr/local/bin/cmake -E cmake_link_script CMakeFiles/cmTC_65d13.dir/link.txt --verbose=1
/usr/bin/cc  -pedantic -Wall -W -Wpointer-arith -Wwrite-strings -Wunused -Wshadow -Winline -Wnested-externs -Wmissing-declarations -Wmissing-prototypes -Wfloat-equal -Wsign-compare -Wundef -Wendif-labels -Wstrict-prototypes -Wdeclaration-after-statement -Wstrict-aliasing=3 -Wcast-align -Wtype-limits -Wold-style-declaration -Wmissing-parameter-type -Wempty-body -Wclobbered -Wignored-qualifiers -Wconversion -Wvla -Wdouble-promotion -Wenum-conversion -Warith-conversion -Wno-long-long -Wno-multichar -Wno-format-nonliteral -Wno-sign-conversion -Wno-system-headers -DHAVE_VARIADIC_MACROS_GCC  -DHAVE_STDIO_H -DHAVE_INTTYPES_H -DHAVE_SYS_IOCTL_H -DHAVE_SYS_PARAM_H -DHAVE_SYS_POLL_H -DHAVE_SYS_RESOURCE_H -DHAVE_SYS_SELECT_H -DHAVE_SYS_SOCKET_H -DHAVE_SYS_STAT_H -DHAVE_SYS_TIME_H -DHAVE_SYS_TYPES_H -DHAVE_SYS_UIO_H -DHAVE_SYS_UN_H -DHAVE_SYS_XATTR_H -DHAVE_ALLOCA_H -DHAVE_ARPA_INET_H -DHAVE_ARPA_TFTP_H -DHAVE_ASSERT_H -DHAVE_ERRNO_H -DHAVE_FCNTL_H -DHAVE_IFADDRS_H -DHAVE_LIBGEN_H -DHAVE_LOCALE_H -DHAVE_NET_IF_H -DHAVE_NETDB_H -DHAVE_NETINET_IN_H -DHAVE_NETINET_TCP_H -DHAVE_POLL_H -DHAVE_PWD_H -DHAVE_SETJMP_H -DHAVE_SIGNAL_H -DHAVE_STDBOOL_H -DHAVE_STDINT_H -DHAVE_STDIO_H -DHAVE_STDLIB_H -DHAVE_STRING_H -DHAVE_STRINGS_H -DHAVE_TERMIO_H -DHAVE_TERMIOS_H -DHAVE_TIME_H -DHAVE_UNISTD_H -DHAVE_UTIME_H -DHAVE_STDDEF_H -DHAVE_DLFCN_H -DHAVE_MALLOC_H -DHAVE_MEMORY_H -DHAVE_NETINET_IF_ETHER_H -DHAVE_STDINT_H -DHAVE_SYS_UTSNAME_H CMakeFiles/cmTC_65d13.dir/CurlTests.c.o -o cmTC_65d13  /usr/lib/x86_64-linux-gnu/libssl.so /usr/lib/x86_64-linux-gnu/libcrypto.so
gmake[1]: Leaving directory '/home/runner/work/downloader/downloader/cpp_xl_dl_demo/build/CMakeFiles/CMakeTmp'


Performing Curl Test HAVE_POSIX_STRERROR_R passed with the following output:
Change Dir: '/home/runner/work/downloader/downloader/cpp_xl_dl_demo/build/CMakeFiles/CMakeTmp'

Run Build Command(s): /usr/local/bin/cmake -E env VERBOSE=1 /usr/bin/gmake -f Makefile cmTC_55236/fast
/usr/bin/gmake  -f CMakeFiles/cmTC_55236.dir/build.make CMakeFiles/cmTC_55236.dir/build
gmake[1]: Entering directory '/home/runner/work/downloader/downloader/cpp_xl_dl_demo/build/CMakeFiles/CMakeTmp'
Building C object CMakeFiles/cmTC_55236.dir/CurlTests.c.o
/usr/bin/cc   -pedantic -Wall -W -Wpointer-arith -Wwrite-strings -Wunused -Wshadow -Winline -Wnested-externs -Wmissing-declarations -Wmissing-prototypes -Wfloat-equal -Wsign-compare -Wundef -Wendif-labels -Wstrict-prototypes -Wdeclaration-after-statement -Wstrict-aliasing=3 -Wcast-align -Wtype-limits -Wold-style-declaration -Wmissing-parameter-type -Wempty-body -Wclobbered -Wignored-qualifiers -Wconversion -Wvla -Wdouble-promotion -Wenum-conversion -Warith-conversion -Wno-long-long -Wno-multichar -Wno-format-nonliteral -Wno-sign-conversion -Wno-system-headers -DHAVE_POSIX_STRERROR_R  -DHAVE_STDIO_H -DHAVE_INTTYPES_H -DHAVE_SYS_IOCTL_H -DHAVE_SYS_PARAM_H -DHAVE_SYS_POLL_H -DHAVE_SYS_RESOURCE_H -DHAVE_SYS_SELECT_H -DHAVE_SYS_SOCKET_H -DHAVE_SYS_STAT_H -DHAVE_SYS_TIME_H -DHAVE_SYS_TYPES_H -DHAVE_SYS_UIO_H -DHAVE_SYS_UN_H -DHAVE_SYS_XATTR_H -DHAVE_ALLOCA_H -DHAVE_ARPA_INET_H -DHAVE_ARPA_TFTP_H -DHAVE_ASSERT_H -DHAVE_ERRNO_H -DHAVE_FCNTL_H -DHAVE_IFADDRS_H -DHAVE_LIBGEN_H -DHAVE_LOCALE_H -DHAVE_NET_IF_H -DHAVE_NETDB_H -DHAVE_NETINET_IN_H -DHAVE_NETINET_TCP_H -DHAVE_POLL_H -DHAVE_PWD_H -DHAVE_SETJMP_H -DHAVE_SIGNAL_H -DHAVE_STDBOOL_H -DHAVE_STDINT_H -DHAVE_STDIO_H -DHAVE_STDLIB_H -DHAVE_STRING_H -DHAVE_STRINGS_H -DHAVE_TERMIO_H -DHAVE_TERMIOS_H -DHAVE_TIME_H -DHAVE_UNISTD_H -DHAVE_UTIME_H -DHAVE_STDDEF_H -DHAVE_DLFCN_H -DHAVE_MALLOC_H -DHAVE_MEMORY_H -DHAVE_NETINET_IF_ETHER_H -DHAVE_STDINT_H -DHAVE_SYS_UTSNAME_H -o CMakeFiles/cmTC_55236.dir/CurlTests.c.o -c /home/runner/work/downloader/downloader/cpp_xl_dl_demo/build/_deps/curl-src/CMake/CurlTests.c
/home/runner/work/downloader/downloader/cpp_xl_dl_demo/build/_deps/curl-src/CMake/CurlTests.c:429:6: warning: no previous prototype for ‘check’ [-Wmissing-prototypes]
  429 | void check(float f) {}
      |      ^~~~~
/home/runner/work/downloader/downloader/cpp_xl_dl_demo/build/_deps/curl-src/CMake/CurlTests.c: In function ‘check’:
/home/runner/work/downloader/downloader/cpp_xl_dl_demo/build/_deps/curl-src/CMake/CurlTests.c:429:18: warning: unused parameter ‘f’ [-Wunused-parameter]
  429 | void check(float f) {}
      |            ~~~~~~^
/home/runner/work/downloader/downloader/cpp_xl_dl_demo/build/_deps/curl-src/CMake/CurlTests.c: At top level:
/home/runner/work/downloader/downloader/cpp_xl_dl_demo/build/_deps/curl-src/CMake/CurlTests.c:432:1: warning: function declaration isn’t a prototype [-Wstrict-prototypes]
  432 | main () {
      | ^~~~
/home/runner/work/downloader/downloader/cpp_xl_dl_demo/build/_deps/curl-src/CMake/CurlTests.c: In function ‘main’:
/home/runner/work/downloader/downloader/cpp_xl_dl_demo/build/_deps/curl-src/CMake/CurlTests.c:435:9: warning: conversion from ‘int’ to ‘float’ may change value [-Wconversion]
  435 |   check(strerror_r(EACCES, buffer, sizeof(buffer)));
      |         ^~~~~~~~~~~~~~~~~~~~~~~~~~~~~~~~~~~~~~~~~~
Linking C executable cmTC_55236
/usr/local/bin/cmake -E cmake_link_script CMakeFiles/cmTC_55236.dir/link.txt --verbose=1
/usr/bin/cc  -pedantic -Wall -W -Wpointer-arith -Wwrite-strings -Wunused -Wshadow -Winline -Wnested-externs -Wmissing-declarations -Wmissing-prototypes -Wfloat-equal -Wsign-compare -Wundef -Wendif-labels -Wstrict-prototypes -Wdeclaration-after-statement -Wstrict-aliasing=3 -Wcast-align -Wtype-limits -Wold-style-declaration -Wmissing-parameter-type -Wempty-body -Wclobbered -Wignored-qualifiers -Wconversion -Wvla -Wdouble-promotion -Wenum-conversion -Warith-conversion -Wno-long-long -Wno-multichar -Wno-format-nonliteral -Wno-sign-conversion -Wno-system-headers -DHAVE_POSIX_STRERROR_R  -DHAVE_STDIO_H -DHAVE_INTTYPES_H -DHAVE_SYS_IOCTL_H -DHAVE_SYS_PARAM_H -DHAVE_SYS_POLL_H -DHAVE_SYS_RESOURCE_H -DHAVE_SYS_SELECT_H -DHAVE_SYS_SOCKET_H -DHAVE_SYS_STAT_H -DHAVE_SYS_TIME_H -DHAVE_SYS_TYPES_H -DHAVE_SYS_UIO_H -DHAVE_SYS_UN_H -DHAVE_SYS_XATTR_H -DHAVE_ALLOCA_H -DHAVE_ARPA_INET_H -DHAVE_ARPA_TFTP_H -DHAVE_ASSERT_H -DHAVE_ERRNO_H -DHAVE_FCNTL_H -DHAVE_IFADDRS_H -DHAVE_LIBGEN_H -DHAVE_LOCALE_H -DHAVE_NET_IF_H -DHAVE_NETDB_H -DHAVE_NETINET_IN_H -DHAVE_NETINET_TCP_H -DHAVE_POLL_H -DHAVE_PWD_H -DHAVE_SETJMP_H -DHAVE_SIGNAL_H -DHAVE_STDBOOL_H -DHAVE_STDINT_H -DHAVE_STDIO_H -DHAVE_STDLIB_H -DHAVE_STRING_H -DHAVE_STRINGS_H -DHAVE_TERMIO_H -DHAVE_TERMIOS_H -DHAVE_TIME_H -DHAVE_UNISTD_H -DHAVE_UTIME_H -DHAVE_STDDEF_H -DHAVE_DLFCN_H -DHAVE_MALLOC_H -DHAVE_MEMORY_H -DHAVE_NETINET_IF_ETHER_H -DHAVE_STDINT_H -DHAVE_SYS_UTSNAME_H CMakeFiles/cmTC_55236.dir/CurlTests.c.o -o cmTC_55236  /usr/lib/x86_64-linux-gnu/libssl.so /usr/lib/x86_64-linux-gnu/libcrypto.so
gmake[1]: Leaving directory '/home/runner/work/downloader/downloader/cpp_xl_dl_demo/build/CMakeFiles/CMakeTmp'


Performing Curl Test HAVE_CLOCK_GETTIME_MONOTONIC passed with the following output:
Change Dir: '/home/runner/work/downloader/downloader/cpp_xl_dl_demo/build/CMakeFiles/CMakeTmp'

Run Build Command(s): /usr/local/bin/cmake -E env VERBOSE=1 /usr/bin/gmake -f Makefile cmTC_3c2b5/fast
/usr/bin/gmake  -f CMakeFiles/cmTC_3c2b5.dir/build.make CMakeFiles/cmTC_3c2b5.dir/build
gmake[1]: Entering directory '/home/runner/work/downloader/downloader/cpp_xl_dl_demo/build/CMakeFiles/CMakeTmp'
Building C object CMakeFiles/cmTC_3c2b5.dir/CurlTests.c.o
/usr/bin/cc   -pedantic -Wall -W -Wpointer-arith -Wwrite-strings -Wunused -Wshadow -Winline -Wnested-externs -Wmissing-declarations -Wmissing-prototypes -Wfloat-equal -Wsign-compare -Wundef -Wendif-labels -Wstrict-prototypes -Wdeclaration-after-statement -Wstrict-aliasing=3 -Wcast-align -Wtype-limits -Wold-style-declaration -Wmissing-parameter-type -Wempty-body -Wclobbered -Wignored-qualifiers -Wconversion -Wvla -Wdouble-promotion -Wenum-conversion -Warith-conversion -Wno-long-long -Wno-multichar -Wno-format-nonliteral -Wno-sign-conversion -Wno-system-headers -DHAVE_CLOCK_GETTIME_MONOTONIC  -DHAVE_STDIO_H -DHAVE_INTTYPES_H -DHAVE_SYS_IOCTL_H -DHAVE_SYS_PARAM_H -DHAVE_SYS_POLL_H -DHAVE_SYS_RESOURCE_H -DHAVE_SYS_SELECT_H -DHAVE_SYS_SOCKET_H -DHAVE_SYS_STAT_H -DHAVE_SYS_TIME_H -DHAVE_SYS_TYPES_H -DHAVE_SYS_UIO_H -DHAVE_SYS_UN_H -DHAVE_SYS_XATTR_H -DHAVE_ALLOCA_H -DHAVE_ARPA_INET_H -DHAVE_ARPA_TFTP_H -DHAVE_ASSERT_H -DHAVE_ERRNO_H -DHAVE_FCNTL_H -DHAVE_IFADDRS_H -DHAVE_LIBGEN_H -DHAVE_LOCALE_H -DHAVE_NET_IF_H -DHAVE_NETDB_H -DHAVE_NETINET_IN_H -DHAVE_NETINET_TCP_H -DHAVE_POLL_H -DHAVE_PWD_H -DHAVE_SETJMP_H -DHAVE_SIGNAL_H -DHAVE_STDBOOL_H -DHAVE_STDINT_H -DHAVE_STDIO_H -DHAVE_STDLIB_H -DHAVE_STRING_H -DHAVE_STRINGS_H -DHAVE_TERMIO_H -DHAVE_TERMIOS_H -DHAVE_TIME_H -DHAVE_UNISTD_H -DHAVE_UTIME_H -DHAVE_STDDEF_H -DHAVE_DLFCN_H -DHAVE_MALLOC_H -DHAVE_MEMORY_H -DHAVE_NETINET_IF_ETHER_H -DHAVE_STDINT_H -DHAVE_SYS_UTSNAME_H -o CMakeFiles/cmTC_3c2b5.dir/CurlTests.c.o -c /home/runner/work/downloader/downloader/cpp_xl_dl_demo/build/_deps/curl-src/CMake/CurlTests.c
/home/runner/work/downloader/downloader/cpp_xl_dl_demo/build/_deps/curl-src/CMake/CurlTests.c:458:1: warning: function declaration isn’t a prototype [-Wstrict-prototypes]
  458 | main() {
      | ^~~~
Linking C executable cmTC_3c2b5
/usr/local/bin/cmake -E cmake_link_script CMakeFiles/cmTC_3c2b5.dir/link.txt --verbose=1
/usr/bin/cc  -pedantic -Wall -W -Wpointer-arith -Wwrite-strings -Wunused -Wshadow -Winline -Wnested-externs -Wmissing-declarations -Wmissing-prototypes -Wfloat-equal -Wsign-compare -Wundef -Wendif-labels -Wstrict-prototypes -Wdeclaration-after-statement -Wstrict-aliasing=3 -Wcast-align -Wtype-limits -Wold-style-declaration -Wmissing-parameter-type -Wempty-body -Wclobbered -Wignored-qualifiers -Wconversion -Wvla -Wdouble-promotion -Wenum-conversion -Warith-conversion -Wno-long-long -Wno-multichar -Wno-format-nonliteral -Wno-sign-conversion -Wno-system-headers -DHAVE_CLOCK_GETTIME_MONOTONIC  -DHAVE_STDIO_H -DHAVE_INTTYPES_H -DHAVE_SYS_IOCTL_H -DHAVE_SYS_PARAM_H -DHAVE_SYS_POLL_H -DHAVE_SYS_RESOURCE_H -DHAVE_SYS_SELECT_H -DHAVE_SYS_SOCKET_H -DHAVE_SYS_STAT_H -DHAVE_SYS_TIME_H -DHAVE_SYS_TYPES_H -DHAVE_SYS_UIO_H -DHAVE_SYS_UN_H -DHAVE_SYS_XATTR_H -DHAVE_ALLOCA_H -DHAVE_ARPA_INET_H -DHAVE_ARPA_TFTP_H -DHAVE_ASSERT_H -DHAVE_ERRNO_H -DHAVE_FCNTL_H -DHAVE_IFADDRS_H -DHAVE_LIBGEN_H -DHAVE_LOCALE_H -DHAVE_NET_IF_H -DHAVE_NETDB_H -DHAVE_NETINET_IN_H -DHAVE_NETINET_TCP_H -DHAVE_POLL_H -DHAVE_PWD_H -DHAVE_SETJMP_H -DHAVE_SIGNAL_H -DHAVE_STDBOOL_H -DHAVE_STDINT_H -DHAVE_STDIO_H -DHAVE_STDLIB_H -DHAVE_STRING_H -DHAVE_STRINGS_H -DHAVE_TERMIO_H -DHAVE_TERMIOS_H -DHAVE_TIME_H -DHAVE_UNISTD_H -DHAVE_UTIME_H -DHAVE_STDDEF_H -DHAVE_DLFCN_H -DHAVE_MALLOC_H -DHAVE_MEMORY_H -DHAVE_NETINET_IF_ETHER_H -DHAVE_STDINT_H -DHAVE_SYS_UTSNAME_H CMakeFiles/cmTC_3c2b5.dir/CurlTests.c.o -o cmTC_3c2b5  /usr/lib/x86_64-linux-gnu/libssl.so /usr/lib/x86_64-linux-gnu/libcrypto.so
gmake[1]: Leaving directory '/home/runner/work/downloader/downloader/cpp_xl_dl_demo/build/CMakeFiles/CMakeTmp'


